Log file open, 04/02/20 23:56:44
LogWindows: Failed to load 'aqProf.dll' (GetLastError=126)
LogWindows: File 'aqProf.dll' does not exist
LogWindows: Failed to load 'VtuneApi.dll' (GetLastError=126)
LogWindows: File 'VtuneApi.dll' does not exist
LogWindows: Failed to load 'VtuneApi32e.dll' (GetLastError=126)
LogWindows: File 'VtuneApi32e.dll' does not exist
LogConsoleResponse: Display: Failed to find resolution value strings in scalability ini. Falling back to default.
LogInit: Display: Running engine for game: Alien1916MASTER
LogPakFile: Registered encryption key '00000000000000000000000000000000': 0 pak files mounted, 0 remain pending
LogPlatformFile: Not using cached read wrapper
LogTaskGraph: Started task graph with 5 named threads and 17 total threads with 3 sets of task threads.
LogStats: Stats thread started at 0.271764
LogD3D11RHI: Loaded GFSDK_Aftermath_Lib.x64.dll
LogICUInternationalization: ICU TimeZone Detection - Raw Offset: +0:00, Platform Override: ''
LogPluginManager: Mounting plugin Paper2D
LogPluginManager: Mounting plugin AISupport
LogPluginManager: Mounting plugin LightPropagationVolume
LogPluginManager: Mounting plugin ActorLayerUtilities
LogPluginManager: Mounting plugin CLionSourceCodeAccess
LogPluginManager: Mounting plugin CodeLiteSourceCodeAccess
LogPluginManager: Mounting plugin GitSourceControl
LogPluginManager: Mounting plugin KDevelopSourceCodeAccess
LogPluginManager: Mounting plugin NullSourceCodeAccess
LogPluginManager: Mounting plugin PerforceSourceControl
LogPluginManager: Mounting plugin SubversionSourceControl
LogPluginManager: Mounting plugin UObjectPlugin
LogPluginManager: Mounting plugin VisualStudioCodeSourceCodeAccess
LogPluginManager: Mounting plugin VisualStudioSourceCodeAccess
LogPluginManager: Mounting plugin XCodeSourceCodeAccess
LogPluginManager: Mounting plugin AssetManagerEditor
LogPluginManager: Mounting plugin CryptoKeys
LogPluginManager: Mounting plugin DataValidation
LogPluginManager: Mounting plugin FacialAnimation
LogPluginManager: Mounting plugin GameplayTagsEditor
LogPluginManager: Mounting plugin MacGraphicsSwitching
LogPluginManager: Mounting plugin MeshEditor
LogPluginManager: Mounting plugin MobileLauncherProfileWizard
LogPluginManager: Mounting plugin PluginBrowser
LogPluginManager: Mounting plugin SpeedTreeImporter
LogPluginManager: Mounting plugin DatasmithContent
LogPluginManager: Mounting plugin VariantManagerContent
LogPluginManager: Mounting plugin AlembicImporter
LogPluginManager: Mounting plugin AppleImageUtils
LogPluginManager: Mounting plugin AppleVision
LogPluginManager: Mounting plugin BackChannel
LogPluginManager: Mounting plugin CharacterAI
LogPluginManager: Mounting plugin GeometryCache
LogPluginManager: Mounting plugin HTML5Networking
LogPluginManager: Mounting plugin ProxyLODPlugin
LogPluginManager: Mounting plugin MagicLeap
LogPluginManager: Mounting plugin MagicLeapMedia
LogPluginManager: Mounting plugin AndroidMedia
LogPluginManager: Mounting plugin AvfMedia
LogPluginManager: Mounting plugin ImgMedia
LogPluginManager: Mounting plugin LinearTimecode
LogPluginManager: Mounting plugin MediaCompositing
LogPluginManager: Mounting plugin MediaPlayerEditor
LogPluginManager: Mounting plugin WebMMedia
LogPluginManager: Mounting plugin WmfMedia
LogPluginManager: Mounting plugin TcpMessaging
LogPluginManager: Mounting plugin UdpMessaging
LogPluginManager: Mounting plugin ActorSequence
LogPluginManager: Mounting plugin LevelSequenceEditor
LogPluginManager: Mounting plugin MatineeToLevelSequence
LogPluginManager: Mounting plugin NetcodeUnitTest
LogPluginManager: Mounting plugin NUTUnrealEngine4
LogPluginManager: Mounting plugin OnlineSubsystemGooglePlay
LogPluginManager: Mounting plugin OnlineSubsystemIOS
LogPluginManager: Mounting plugin OnlineSubsystem
LogPluginManager: Mounting plugin OnlineSubsystemNull
LogPluginManager: Mounting plugin OnlineSubsystemUtils
LogPluginManager: Mounting plugin LauncherChunkInstaller
LogPluginManager: Mounting plugin AndroidDeviceProfileSelector
LogPluginManager: Mounting plugin AndroidMoviePlayer
LogPluginManager: Mounting plugin AndroidPermission
LogPluginManager: Mounting plugin ApexDestruction
LogPluginManager: Mounting plugin AppleMoviePlayer
LogPluginManager: Mounting plugin ArchVisCharacter
LogPluginManager: Mounting plugin AudioCapture
LogPluginManager: Mounting plugin CableComponent
LogPluginManager: Mounting plugin CustomMeshComponent
LogPluginManager: Mounting plugin EditableMesh
LogPluginManager: Mounting plugin ExampleDeviceProfileSelector
LogPluginManager: Mounting plugin Firebase
LogPluginManager: Mounting plugin GoogleCloudMessaging
LogPluginManager: Mounting plugin IOSDeviceProfileSelector
LogPluginManager: Mounting plugin LinuxDeviceProfileSelector
LogPluginManager: Mounting plugin LocationServicesBPLibrary
LogPluginManager: Mounting plugin MobilePatchingUtils
LogPluginManager: Mounting plugin OculusVR
LogPluginManager: Mounting plugin PhysXVehicles
LogPluginManager: Mounting plugin ProceduralMeshComponent
LogPluginManager: Mounting plugin RuntimePhysXCooking
LogPluginManager: Mounting plugin SteamVR
LogPluginManager: Mounting plugin WebMMoviePlayer
LogPluginManager: Mounting plugin WindowsMoviePlayer
LogStreaming: Display: Took  0.156s to configure plugins.
LogInit: Using libcurl 7.55.1-DEV
LogInit:  - built for x86_64-pc-win32
LogInit:  - supports SSL with OpenSSL/1.0.2h
LogInit:  - supports HTTP deflate (compression) using libz 1.2.8
LogInit:  - other features:
LogInit:      CURL_VERSION_SSL
LogInit:      CURL_VERSION_LIBZ
LogInit:      CURL_VERSION_IPV6
LogInit:      CURL_VERSION_ASYNCHDNS
LogInit:      CURL_VERSION_LARGEFILE
LogInit:      CURL_VERSION_IDN
LogInit:  CurlRequestOptions (configurable via config and command line):
LogInit:  - bVerifyPeer = true  - Libcurl will verify peer certificate
LogInit:  - bUseHttpProxy = false  - Libcurl will NOT use HTTP proxy
LogInit:  - bDontReuseConnections = false  - Libcurl will reuse connections
LogInit:  - MaxHostConnections = 16  - Libcurl will limit the number of connections to a host
LogInit:  - LocalHostAddr = Default
LogInit:  - BufferSize = 65536
LogInit: WinSock: version 1.1 (2.2), MaxSocks=32767, MaxUdp=65467
LogInit: Build: ++UE4+Release-4.21-CL-4753647
LogInit: Engine Version: 4.21.2-4753647+++UE4+Release-4.21
LogInit: Compatible Engine Version: 4.21.0-4541578+++UE4+Release-4.21
LogInit: Net CL: 4541578
LogInit: OS: Windows 10 (), CPU: AMD FX(tm)-6300 Six-Core Processor             , GPU: AMD Radeon (TM) R9 200 Series
LogInit: Compiled (64-bit): Jan 19 2019 02:07:31
LogInit: Compiled with Visual C++: 19.13.26129.00
LogInit: Build Configuration: Development
LogInit: Branch Name: ++UE4+Release-4.21
LogInit: Command Line: 
LogInit: Base Directory: C:/Program Files/Epic Games/UE_4.21/Engine/Binaries/Win64/
LogInit: Installed Engine Build: 1
LogDevObjectVersion: Number of dev versions registered: 22
LogDevObjectVersion:   Dev-Blueprints (B0D832E4-1F89-4F0D-ACCF-7EB736FD4AA2): 10
LogDevObjectVersion:   Dev-Build (E1C64328-A22C-4D53-A36C-8E866417BD8C): 0
LogDevObjectVersion:   Dev-Core (375EC13C-06E4-48FB-B500-84F0262A717E): 2
LogDevObjectVersion:   Dev-Editor (E4B068ED-F494-42E9-A231-DA0B2E46BB41): 26
LogDevObjectVersion:   Dev-Framework (CFFC743F-43B0-4480-9391-14DF171D2073): 34
LogDevObjectVersion:   Dev-Mobile (B02B49B5-BB20-44E9-A304-32B752E40360): 2
LogDevObjectVersion:   Dev-Networking (A4E4105C-59A1-49B5-A7C5-40C4547EDFEE): 0
LogDevObjectVersion:   Dev-Online (39C831C9-5AE6-47DC-9A44-9C173E1C8E7C): 0
LogDevObjectVersion:   Dev-Physics (78F01B33-EBEA-4F98-B9B4-84EACCB95AA2): 0
LogDevObjectVersion:   Dev-Platform (6631380F-2D4D-43E0-8009-CF276956A95A): 0
LogDevObjectVersion:   Dev-Rendering (12F88B9F-8875-4AFC-A67C-D90C383ABD29): 27
LogDevObjectVersion:   Dev-Sequencer (7B5AE74C-D270-4C10-A958-57980B212A5A): 9
LogDevObjectVersion:   Dev-VR (D7296918-1DD6-4BDD-9DE2-64A83CC13884): 2
LogDevObjectVersion:   Dev-LoadTimes (C2A15278-BFE7-4AFE-6C17-90FF531DF755): 1
LogDevObjectVersion:   Private-Geometry (6EACA3D4-40EC-4CC1-B786-8BED09428FC5): 3
LogDevObjectVersion:   Dev-AnimPhys (29E575DD-E0A3-4627-9D10-D276232CDCEA): 17
LogDevObjectVersion:   Dev-Anim (AF43A65D-7FD3-4947-9873-3E8ED9C1BB05): 2
LogDevObjectVersion:   Dev-ReflectionCapture (6B266CEC-1EC7-4B8F-A30B-E4D90942FC07): 1
LogDevObjectVersion:   Dev-Automation (0DF73D61-A23F-47EA-B727-89E90C41499A): 1
LogDevObjectVersion:   FortniteMain (601D1886-AC64-4F84-AA16-D3DE0DEAC7D6): 17
LogDevObjectVersion:   Dev-Enterprise (9DFFBCD6-494F-0158-E221-12823C92A888): 4
LogDevObjectVersion:   Dev-Niagara (F2AED0AC-9AFE-416F-8664-AA7FFA26D6FC): 1
LogStreaming: Display: Took  0.016s to delete old logs.
LogInit: Presizing for max 8388607 objects, including 0 objects not considered by GC, pre-allocating 0 bytes for permanent pool.
LogInit: Object subsystem initialized
LogConfig: Setting CVar [[con.DebugEarlyDefault:1]]
LogConfig: Setting CVar [[r.setres:1280x720]]
[2020.04.02-22.56.44:900][  0]LogConfig: Setting CVar [[r.VSync:0]]
[2020.04.02-22.56.44:900][  0]LogConfig: Setting CVar [[r.RHICmdBypass:0]]
[2020.04.02-22.56.44:900][  0]LogConfig: Applying CVar settings from Section [/Script/Engine.RendererSettings] File [C:/Users/Jamie's/Documents/GitHub/Alien1916Repo/Alien1916MASTER/Saved/Config/Windows/Engine.ini]
[2020.04.02-22.56.44:900][  0]LogConfig: Setting CVar [[r.GPUCrashDebugging:0]]
[2020.04.02-22.56.44:900][  0]LogConfig: Applying CVar settings from Section [/Script/Engine.RendererOverrideSettings] File [C:/Users/Jamie's/Documents/GitHub/Alien1916Repo/Alien1916MASTER/Saved/Config/Windows/Engine.ini]
[2020.04.02-22.56.44:900][  0]LogConfig: Applying CVar settings from Section [/Script/Engine.StreamingSettings] File [C:/Users/Jamie's/Documents/GitHub/Alien1916Repo/Alien1916MASTER/Saved/Config/Windows/Engine.ini]
[2020.04.02-22.56.44:900][  0]LogConfig: Setting CVar [[s.MinBulkDataSizeForAsyncLoading:131072]]
[2020.04.02-22.56.44:900][  0]LogConfig: Setting CVar [[s.AsyncLoadingThreadEnabled:0]]
[2020.04.02-22.56.44:900][  0]LogConfig: Setting CVar [[s.EventDrivenLoaderEnabled:1]]
[2020.04.02-22.56.44:900][  0]LogConfig: Setting CVar [[s.WarnIfTimeLimitExceeded:0]]
[2020.04.02-22.56.44:900][  0]LogConfig: Setting CVar [[s.TimeLimitExceededMultiplier:1.5]]
[2020.04.02-22.56.44:900][  0]LogConfig: Setting CVar [[s.TimeLimitExceededMinTime:0.005]]
[2020.04.02-22.56.44:900][  0]LogConfig: Setting CVar [[s.UseBackgroundLevelStreaming:1]]
[2020.04.02-22.56.44:900][  0]LogConfig: Setting CVar [[s.PriorityAsyncLoadingExtraTime:15.0]]
[2020.04.02-22.56.44:900][  0]LogConfig: Setting CVar [[s.LevelStreamingActorsUpdateTimeLimit:5.0]]
[2020.04.02-22.56.44:900][  0]LogConfig: Setting CVar [[s.PriorityLevelStreamingActorsUpdateExtraTime:5.0]]
[2020.04.02-22.56.44:900][  0]LogConfig: Setting CVar [[s.LevelStreamingComponentsRegistrationGranularity:10]]
[2020.04.02-22.56.44:900][  0]LogConfig: Setting CVar [[s.UnregisterComponentsTimeLimit:1.0]]
[2020.04.02-22.56.44:900][  0]LogConfig: Setting CVar [[s.LevelStreamingComponentsUnregistrationGranularity:5]]
[2020.04.02-22.56.44:900][  0]LogConfig: Applying CVar settings from Section [/Script/Engine.GarbageCollectionSettings] File [C:/Users/Jamie's/Documents/GitHub/Alien1916Repo/Alien1916MASTER/Saved/Config/Windows/Engine.ini]
[2020.04.02-22.56.44:900][  0]LogConfig: Setting CVar [[gc.MaxObjectsNotConsideredByGC:1]]
[2020.04.02-22.56.44:900][  0]LogConfig: Setting CVar [[gc.SizeOfPermanentObjectPool:0]]
[2020.04.02-22.56.44:900][  0]LogConfig: Setting CVar [[gc.FlushStreamingOnGC:0]]
[2020.04.02-22.56.44:900][  0]LogConfig: Setting CVar [[gc.NumRetriesBeforeForcingGC:10]]
[2020.04.02-22.56.44:900][  0]LogConfig: Setting CVar [[gc.AllowParallelGC:1]]
[2020.04.02-22.56.44:900][  0]LogConfig: Setting CVar [[gc.TimeBetweenPurgingPendingKillObjects:61.1]]
[2020.04.02-22.56.44:900][  0]LogConfig: Setting CVar [[gc.MaxObjectsInEditor:8388607]]
[2020.04.02-22.56.44:900][  0]LogConfig: Setting CVar [[gc.IncrementalBeginDestroyEnabled:1]]
[2020.04.02-22.56.44:900][  0]LogConfig: Setting CVar [[gc.CreateGCClusters:1]]
[2020.04.02-22.56.44:900][  0]LogConfig: Setting CVar [[gc.MergeGCClusters:0]]
[2020.04.02-22.56.44:901][  0]LogConfig: Setting CVar [[gc.MinGCClusterSize:5]]
[2020.04.02-22.56.44:901][  0]LogConfig: Setting CVar [[gc.ActorClusteringEnabled:0]]
[2020.04.02-22.56.44:901][  0]LogConfig: Setting CVar [[gc.BlueprintClusteringEnabled:0]]
[2020.04.02-22.56.44:901][  0]LogConfig: Setting CVar [[gc.UseDisregardForGCOnDedicatedServers:0]]
[2020.04.02-22.56.44:901][  0]LogConfig: Applying CVar settings from Section [/Script/Engine.NetworkSettings] File [C:/Users/Jamie's/Documents/GitHub/Alien1916Repo/Alien1916MASTER/Saved/Config/Windows/Engine.ini]
[2020.04.02-22.56.44:901][  0]LogConfig: Applying CVar settings from Section [/Script/UnrealEd.CookerSettings] File [C:/Users/Jamie's/Documents/GitHub/Alien1916Repo/Alien1916MASTER/Saved/Config/Windows/Engine.ini]
[2020.04.02-22.56.44:906][  0]LogConfig: Applying CVar settings from Section [ViewDistanceQuality@3] File [C:/Users/Jamie's/Documents/GitHub/Alien1916Repo/Alien1916MASTER/Saved/Config/Windows/Scalability.ini]
[2020.04.02-22.56.44:906][  0]LogConfig: Setting CVar [[r.SkeletalMeshLODBias:0]]
[2020.04.02-22.56.44:906][  0]LogConfig: Setting CVar [[r.ViewDistanceScale:1.0]]
[2020.04.02-22.56.44:906][  0]LogConfig: Applying CVar settings from Section [AntiAliasingQuality@3] File [C:/Users/Jamie's/Documents/GitHub/Alien1916Repo/Alien1916MASTER/Saved/Config/Windows/Scalability.ini]
[2020.04.02-22.56.44:906][  0]LogConfig: Setting CVar [[r.PostProcessAAQuality:4]]
[2020.04.02-22.56.44:906][  0]LogConfig: Applying CVar settings from Section [ShadowQuality@3] File [C:/Users/Jamie's/Documents/GitHub/Alien1916Repo/Alien1916MASTER/Saved/Config/Windows/Scalability.ini]
[2020.04.02-22.56.44:906][  0]LogConfig: Setting CVar [[r.LightFunctionQuality:1]]
[2020.04.02-22.56.44:906][  0]LogConfig: Setting CVar [[r.ShadowQuality:5]]
[2020.04.02-22.56.44:906][  0]LogConfig: Setting CVar [[r.Shadow.CSM.MaxCascades:10]]
[2020.04.02-22.56.44:906][  0]LogConfig: Setting CVar [[r.Shadow.MaxResolution:2048]]
[2020.04.02-22.56.44:906][  0]LogConfig: Setting CVar [[r.Shadow.MaxCSMResolution:2048]]
[2020.04.02-22.56.44:906][  0]LogConfig: Setting CVar [[r.Shadow.RadiusThreshold:0.01]]
[2020.04.02-22.56.44:906][  0]LogConfig: Setting CVar [[r.Shadow.DistanceScale:1.0]]
[2020.04.02-22.56.44:906][  0]LogConfig: Setting CVar [[r.Shadow.CSM.TransitionScale:1.0]]
[2020.04.02-22.56.44:906][  0]LogConfig: Setting CVar [[r.Shadow.PreShadowResolutionFactor:1.0]]
[2020.04.02-22.56.44:907][  0]LogConfig: Setting CVar [[r.DistanceFieldShadowing:1]]
[2020.04.02-22.56.44:907][  0]LogConfig: Setting CVar [[r.DistanceFieldAO:1]]
[2020.04.02-22.56.44:907][  0]LogConfig: Setting CVar [[r.AOQuality:2]]
[2020.04.02-22.56.44:907][  0]LogConfig: Setting CVar [[r.VolumetricFog:1]]
[2020.04.02-22.56.44:907][  0]LogConfig: Setting CVar [[r.VolumetricFog.GridPixelSize:8]]
[2020.04.02-22.56.44:907][  0]LogConfig: Setting CVar [[r.VolumetricFog.GridSizeZ:128]]
[2020.04.02-22.56.44:907][  0]LogConfig: Setting CVar [[r.VolumetricFog.HistoryMissSupersampleCount:4]]
[2020.04.02-22.56.44:907][  0]LogConfig: Setting CVar [[r.LightMaxDrawDistanceScale:1]]
[2020.04.02-22.56.44:907][  0]LogConfig: Setting CVar [[r.CapsuleShadows:1]]
[2020.04.02-22.56.44:907][  0]LogConfig: Applying CVar settings from Section [PostProcessQuality@3] File [C:/Users/Jamie's/Documents/GitHub/Alien1916Repo/Alien1916MASTER/Saved/Config/Windows/Scalability.ini]
[2020.04.02-22.56.44:907][  0]LogConfig: Setting CVar [[r.MotionBlurQuality:4]]
[2020.04.02-22.56.44:907][  0]LogConfig: Setting CVar [[r.AmbientOcclusionMipLevelFactor:0.4]]
[2020.04.02-22.56.44:907][  0]LogConfig: Setting CVar [[r.AmbientOcclusionMaxQuality:100]]
[2020.04.02-22.56.44:907][  0]LogConfig: Setting CVar [[r.AmbientOcclusionLevels:-1]]
[2020.04.02-22.56.44:907][  0]LogConfig: Setting CVar [[r.AmbientOcclusionRadiusScale:1.0]]
[2020.04.02-22.56.44:907][  0]LogConfig: Setting CVar [[r.DepthOfFieldQuality:2]]
[2020.04.02-22.56.44:907][  0]LogConfig: Setting CVar [[r.RenderTargetPoolMin:400]]
[2020.04.02-22.56.44:907][  0]LogConfig: Setting CVar [[r.LensFlareQuality:2]]
[2020.04.02-22.56.44:907][  0]LogConfig: Setting CVar [[r.SceneColorFringeQuality:1]]
[2020.04.02-22.56.44:907][  0]LogConfig: Setting CVar [[r.EyeAdaptationQuality:2]]
[2020.04.02-22.56.44:907][  0]LogConfig: Setting CVar [[r.BloomQuality:5]]
[2020.04.02-22.56.44:907][  0]LogConfig: Setting CVar [[r.FastBlurThreshold:100]]
[2020.04.02-22.56.44:907][  0]LogConfig: Setting CVar [[r.Upscale.Quality:3]]
[2020.04.02-22.56.44:907][  0]LogConfig: Setting CVar [[r.Tonemapper.GrainQuantization:1]]
[2020.04.02-22.56.44:907][  0]LogConfig: Setting CVar [[r.LightShaftQuality:1]]
[2020.04.02-22.56.44:907][  0]LogConfig: Setting CVar [[r.Filter.SizeScale:1]]
[2020.04.02-22.56.44:907][  0]LogConfig: Setting CVar [[r.Tonemapper.Quality:5]]
[2020.04.02-22.56.44:907][  0]LogConfig: Setting CVar [[r.DOF.Gather.AccumulatorQuality:1        ; higher gathering accumulator quality]]
[2020.04.02-22.56.44:907][  0]LogConfig: Setting CVar [[r.DOF.Gather.PostfilterMethod:1          ; Median3x3 postfilering method]]
[2020.04.02-22.56.44:907][  0]LogConfig: Setting CVar [[r.DOF.Gather.EnableBokehSettings:0       ; no bokeh simulation when gathering]]
[2020.04.02-22.56.44:907][  0]LogConfig: Setting CVar [[r.DOF.Gather.RingCount:4                 ; medium number of samples when gathering]]
[2020.04.02-22.56.44:907][  0]LogConfig: Setting CVar [[r.DOF.Scatter.ForegroundCompositing:1    ; additive foreground scattering]]
[2020.04.02-22.56.44:907][  0]LogConfig: Setting CVar [[r.DOF.Scatter.BackgroundCompositing:2    ; additive background scattering]]
[2020.04.02-22.56.44:907][  0]LogConfig: Setting CVar [[r.DOF.Scatter.EnableBokehSettings:1      ; bokeh simulation when scattering]]
[2020.04.02-22.56.44:907][  0]LogConfig: Setting CVar [[r.DOF.Scatter.MaxSpriteRatio:0.1         ; only a maximum of 10% of scattered bokeh]]
[2020.04.02-22.56.44:907][  0]LogConfig: Setting CVar [[r.DOF.Recombine.Quality:1                ; cheap slight out of focus]]
[2020.04.02-22.56.44:907][  0]LogConfig: Setting CVar [[r.DOF.Recombine.EnableBokehSettings:0    ; no bokeh simulation on slight out of focus]]
[2020.04.02-22.56.44:907][  0]LogConfig: Setting CVar [[r.DOF.TemporalAAQuality:1                ; more stable temporal accumulation]]
[2020.04.02-22.56.44:907][  0]LogConfig: Setting CVar [[r.DOF.Kernel.MaxForegroundRadius:0.025]]
[2020.04.02-22.56.44:907][  0]LogConfig: Setting CVar [[r.DOF.Kernel.MaxBackgroundRadius:0.025]]
[2020.04.02-22.56.44:908][  0]LogConfig: Applying CVar settings from Section [TextureQuality@3] File [C:/Users/Jamie's/Documents/GitHub/Alien1916Repo/Alien1916MASTER/Saved/Config/Windows/Scalability.ini]
[2020.04.02-22.56.44:908][  0]LogConfig: Setting CVar [[r.Streaming.MipBias:0]]
[2020.04.02-22.56.44:908][  0]LogConfig: Setting CVar [[r.Streaming.AmortizeCPUToGPUCopy:0]]
[2020.04.02-22.56.44:908][  0]LogConfig: Setting CVar [[r.Streaming.MaxNumTexturesToStreamPerFrame:0]]
[2020.04.02-22.56.44:908][  0]LogConfig: Setting CVar [[r.Streaming.Boost:1]]
[2020.04.02-22.56.44:908][  0]LogConfig: Setting CVar [[r.MaxAnisotropy:8]]
[2020.04.02-22.56.44:908][  0]LogConfig: Setting CVar [[r.Streaming.LimitPoolSizeToVRAM:0]]
[2020.04.02-22.56.44:908][  0]LogConfig: Setting CVar [[r.Streaming.PoolSize:1000]]
[2020.04.02-22.56.44:908][  0]LogConfig: Setting CVar [[r.Streaming.MaxEffectiveScreenSize:0]]
[2020.04.02-22.56.44:908][  0]LogConfig: Applying CVar settings from Section [EffectsQuality@3] File [C:/Users/Jamie's/Documents/GitHub/Alien1916Repo/Alien1916MASTER/Saved/Config/Windows/Scalability.ini]
[2020.04.02-22.56.44:908][  0]LogConfig: Setting CVar [[r.TranslucencyLightingVolumeDim:64]]
[2020.04.02-22.56.44:908][  0]LogConfig: Setting CVar [[r.RefractionQuality:2]]
[2020.04.02-22.56.44:908][  0]LogConfig: Setting CVar [[r.SSR.Quality:3]]
[2020.04.02-22.56.44:908][  0]LogConfig: Setting CVar [[r.SceneColorFormat:4]]
[2020.04.02-22.56.44:908][  0]LogConfig: Setting CVar [[r.DetailMode:2]]
[2020.04.02-22.56.44:908][  0]LogConfig: Setting CVar [[r.TranslucencyVolumeBlur:1]]
[2020.04.02-22.56.44:908][  0]LogConfig: Setting CVar [[r.MaterialQualityLevel:1 ; High quality]]
[2020.04.02-22.56.44:908][  0]LogConfig: Setting CVar [[r.SSS.Scale:1]]
[2020.04.02-22.56.44:908][  0]LogConfig: Setting CVar [[r.SSS.SampleSet:2]]
[2020.04.02-22.56.44:908][  0]LogConfig: Setting CVar [[r.SSS.Quality:1]]
[2020.04.02-22.56.44:908][  0]LogConfig: Setting CVar [[r.SSS.HalfRes:1]]
[2020.04.02-22.56.44:908][  0]LogConfig: Setting CVar [[r.EmitterSpawnRateScale:1.0]]
[2020.04.02-22.56.44:908][  0]LogConfig: Setting CVar [[r.ParticleLightQuality:2]]
[2020.04.02-22.56.44:908][  0]LogConfig: Applying CVar settings from Section [FoliageQuality@3] File [C:/Users/Jamie's/Documents/GitHub/Alien1916Repo/Alien1916MASTER/Saved/Config/Windows/Scalability.ini]
[2020.04.02-22.56.44:908][  0]LogConfig: Setting CVar [[foliage.DensityScale:1.0]]
[2020.04.02-22.56.44:908][  0]LogConfig: Setting CVar [[grass.DensityScale:1.0]]
[2020.04.02-22.56.44:908][  0]LogInit: Selected Device Profile: [Windows]
[2020.04.02-22.56.44:908][  0]LogInit: Applying CVar settings loaded from the selected device profile: [Windows]
[2020.04.02-22.56.44:931][  0]LogHAL: Display: Platform has ~ 8 GB [8570589184 / 8589934592 / 8], which maps to Default [LargestMinGB=32, LargerMinGB=12, DefaultMinGB=8, SmallerMinGB=6, SmallestMinGB=0)
[2020.04.02-22.56.44:931][  0]LogConfig: Setting CVar [[r.Vulkan.UseRealUBs:1]]
[2020.04.02-22.56.44:931][  0]LogInit: Going up to parent DeviceProfile []
[2020.04.02-22.56.44:931][  0]LogConfig: Applying CVar settings from Section [ViewDistanceQuality@3] File [C:/Users/Jamie's/Documents/GitHub/Alien1916Repo/Alien1916MASTER/Saved/Config/Windows/Scalability.ini]
[2020.04.02-22.56.44:931][  0]LogConfig: Setting CVar [[r.SkeletalMeshLODBias:0]]
[2020.04.02-22.56.44:931][  0]LogConfig: Setting CVar [[r.ViewDistanceScale:1.0]]
[2020.04.02-22.56.44:931][  0]LogConfig: Applying CVar settings from Section [AntiAliasingQuality@3] File [C:/Users/Jamie's/Documents/GitHub/Alien1916Repo/Alien1916MASTER/Saved/Config/Windows/Scalability.ini]
[2020.04.02-22.56.44:931][  0]LogConfig: Setting CVar [[r.PostProcessAAQuality:4]]
[2020.04.02-22.56.44:931][  0]LogConfig: Applying CVar settings from Section [ShadowQuality@3] File [C:/Users/Jamie's/Documents/GitHub/Alien1916Repo/Alien1916MASTER/Saved/Config/Windows/Scalability.ini]
[2020.04.02-22.56.44:931][  0]LogConfig: Setting CVar [[r.LightFunctionQuality:1]]
[2020.04.02-22.56.44:931][  0]LogConfig: Setting CVar [[r.ShadowQuality:5]]
[2020.04.02-22.56.44:931][  0]LogConfig: Setting CVar [[r.Shadow.CSM.MaxCascades:10]]
[2020.04.02-22.56.44:931][  0]LogConfig: Setting CVar [[r.Shadow.MaxResolution:2048]]
[2020.04.02-22.56.44:931][  0]LogConfig: Setting CVar [[r.Shadow.MaxCSMResolution:2048]]
[2020.04.02-22.56.44:931][  0]LogConfig: Setting CVar [[r.Shadow.RadiusThreshold:0.01]]
[2020.04.02-22.56.44:931][  0]LogConfig: Setting CVar [[r.Shadow.DistanceScale:1.0]]
[2020.04.02-22.56.44:931][  0]LogConfig: Setting CVar [[r.Shadow.CSM.TransitionScale:1.0]]
[2020.04.02-22.56.44:932][  0]LogConfig: Setting CVar [[r.Shadow.PreShadowResolutionFactor:1.0]]
[2020.04.02-22.56.44:932][  0]LogConfig: Setting CVar [[r.DistanceFieldShadowing:1]]
[2020.04.02-22.56.44:932][  0]LogConfig: Setting CVar [[r.DistanceFieldAO:1]]
[2020.04.02-22.56.44:932][  0]LogConfig: Setting CVar [[r.AOQuality:2]]
[2020.04.02-22.56.44:932][  0]LogConfig: Setting CVar [[r.VolumetricFog:1]]
[2020.04.02-22.56.44:932][  0]LogConfig: Setting CVar [[r.VolumetricFog.GridPixelSize:8]]
[2020.04.02-22.56.44:932][  0]LogConfig: Setting CVar [[r.VolumetricFog.GridSizeZ:128]]
[2020.04.02-22.56.44:932][  0]LogConfig: Setting CVar [[r.VolumetricFog.HistoryMissSupersampleCount:4]]
[2020.04.02-22.56.44:932][  0]LogConfig: Setting CVar [[r.LightMaxDrawDistanceScale:1]]
[2020.04.02-22.56.44:932][  0]LogConfig: Setting CVar [[r.CapsuleShadows:1]]
[2020.04.02-22.56.44:932][  0]LogConfig: Applying CVar settings from Section [PostProcessQuality@3] File [C:/Users/Jamie's/Documents/GitHub/Alien1916Repo/Alien1916MASTER/Saved/Config/Windows/Scalability.ini]
[2020.04.02-22.56.44:932][  0]LogConfig: Setting CVar [[r.MotionBlurQuality:4]]
[2020.04.02-22.56.44:932][  0]LogConfig: Setting CVar [[r.AmbientOcclusionMipLevelFactor:0.4]]
[2020.04.02-22.56.44:932][  0]LogConfig: Setting CVar [[r.AmbientOcclusionMaxQuality:100]]
[2020.04.02-22.56.44:932][  0]LogConfig: Setting CVar [[r.AmbientOcclusionLevels:-1]]
[2020.04.02-22.56.44:932][  0]LogConfig: Setting CVar [[r.AmbientOcclusionRadiusScale:1.0]]
[2020.04.02-22.56.44:932][  0]LogConfig: Setting CVar [[r.DepthOfFieldQuality:2]]
[2020.04.02-22.56.44:932][  0]LogConfig: Setting CVar [[r.RenderTargetPoolMin:400]]
[2020.04.02-22.56.44:932][  0]LogConfig: Setting CVar [[r.LensFlareQuality:2]]
[2020.04.02-22.56.44:932][  0]LogConfig: Setting CVar [[r.SceneColorFringeQuality:1]]
[2020.04.02-22.56.44:932][  0]LogConfig: Setting CVar [[r.EyeAdaptationQuality:2]]
[2020.04.02-22.56.44:932][  0]LogConfig: Setting CVar [[r.BloomQuality:5]]
[2020.04.02-22.56.44:932][  0]LogConfig: Setting CVar [[r.FastBlurThreshold:100]]
[2020.04.02-22.56.44:932][  0]LogConfig: Setting CVar [[r.Upscale.Quality:3]]
[2020.04.02-22.56.44:932][  0]LogConfig: Setting CVar [[r.Tonemapper.GrainQuantization:1]]
[2020.04.02-22.56.44:932][  0]LogConfig: Setting CVar [[r.LightShaftQuality:1]]
[2020.04.02-22.56.44:932][  0]LogConfig: Setting CVar [[r.Filter.SizeScale:1]]
[2020.04.02-22.56.44:932][  0]LogConfig: Setting CVar [[r.Tonemapper.Quality:5]]
[2020.04.02-22.56.44:932][  0]LogConfig: Setting CVar [[r.DOF.Gather.AccumulatorQuality:1        ; higher gathering accumulator quality]]
[2020.04.02-22.56.44:932][  0]LogConfig: Setting CVar [[r.DOF.Gather.PostfilterMethod:1          ; Median3x3 postfilering method]]
[2020.04.02-22.56.44:932][  0]LogConfig: Setting CVar [[r.DOF.Gather.EnableBokehSettings:0       ; no bokeh simulation when gathering]]
[2020.04.02-22.56.44:932][  0]LogConfig: Setting CVar [[r.DOF.Gather.RingCount:4                 ; medium number of samples when gathering]]
[2020.04.02-22.56.44:932][  0]LogConfig: Setting CVar [[r.DOF.Scatter.ForegroundCompositing:1    ; additive foreground scattering]]
[2020.04.02-22.56.44:932][  0]LogConfig: Setting CVar [[r.DOF.Scatter.BackgroundCompositing:2    ; additive background scattering]]
[2020.04.02-22.56.44:932][  0]LogConfig: Setting CVar [[r.DOF.Scatter.EnableBokehSettings:1      ; bokeh simulation when scattering]]
[2020.04.02-22.56.44:932][  0]LogConfig: Setting CVar [[r.DOF.Scatter.MaxSpriteRatio:0.1         ; only a maximum of 10% of scattered bokeh]]
[2020.04.02-22.56.44:932][  0]LogConfig: Setting CVar [[r.DOF.Recombine.Quality:1                ; cheap slight out of focus]]
[2020.04.02-22.56.44:932][  0]LogConfig: Setting CVar [[r.DOF.Recombine.EnableBokehSettings:0    ; no bokeh simulation on slight out of focus]]
[2020.04.02-22.56.44:932][  0]LogConfig: Setting CVar [[r.DOF.TemporalAAQuality:1                ; more stable temporal accumulation]]
[2020.04.02-22.56.44:932][  0]LogConfig: Setting CVar [[r.DOF.Kernel.MaxForegroundRadius:0.025]]
[2020.04.02-22.56.44:932][  0]LogConfig: Setting CVar [[r.DOF.Kernel.MaxBackgroundRadius:0.025]]
[2020.04.02-22.56.44:933][  0]LogConfig: Applying CVar settings from Section [TextureQuality@3] File [C:/Users/Jamie's/Documents/GitHub/Alien1916Repo/Alien1916MASTER/Saved/Config/Windows/Scalability.ini]
[2020.04.02-22.56.44:933][  0]LogConfig: Setting CVar [[r.Streaming.MipBias:0]]
[2020.04.02-22.56.44:933][  0]LogConfig: Setting CVar [[r.Streaming.AmortizeCPUToGPUCopy:0]]
[2020.04.02-22.56.44:933][  0]LogConfig: Setting CVar [[r.Streaming.MaxNumTexturesToStreamPerFrame:0]]
[2020.04.02-22.56.44:933][  0]LogConfig: Setting CVar [[r.Streaming.Boost:1]]
[2020.04.02-22.56.44:933][  0]LogConfig: Setting CVar [[r.MaxAnisotropy:8]]
[2020.04.02-22.56.44:933][  0]LogConfig: Setting CVar [[r.Streaming.LimitPoolSizeToVRAM:0]]
[2020.04.02-22.56.44:933][  0]LogConfig: Setting CVar [[r.Streaming.PoolSize:1000]]
[2020.04.02-22.56.44:933][  0]LogConfig: Setting CVar [[r.Streaming.MaxEffectiveScreenSize:0]]
[2020.04.02-22.56.44:933][  0]LogConfig: Applying CVar settings from Section [EffectsQuality@3] File [C:/Users/Jamie's/Documents/GitHub/Alien1916Repo/Alien1916MASTER/Saved/Config/Windows/Scalability.ini]
[2020.04.02-22.56.44:933][  0]LogConfig: Setting CVar [[r.TranslucencyLightingVolumeDim:64]]
[2020.04.02-22.56.44:933][  0]LogConfig: Setting CVar [[r.RefractionQuality:2]]
[2020.04.02-22.56.44:933][  0]LogConfig: Setting CVar [[r.SSR.Quality:3]]
[2020.04.02-22.56.44:933][  0]LogConfig: Setting CVar [[r.SceneColorFormat:4]]
[2020.04.02-22.56.44:933][  0]LogConfig: Setting CVar [[r.DetailMode:2]]
[2020.04.02-22.56.44:933][  0]LogConfig: Setting CVar [[r.TranslucencyVolumeBlur:1]]
[2020.04.02-22.56.44:933][  0]LogConfig: Setting CVar [[r.MaterialQualityLevel:1 ; High quality]]
[2020.04.02-22.56.44:933][  0]LogConfig: Setting CVar [[r.SSS.Scale:1]]
[2020.04.02-22.56.44:933][  0]LogConfig: Setting CVar [[r.SSS.SampleSet:2]]
[2020.04.02-22.56.44:933][  0]LogConfig: Setting CVar [[r.SSS.Quality:1]]
[2020.04.02-22.56.44:933][  0]LogConfig: Setting CVar [[r.SSS.HalfRes:1]]
[2020.04.02-22.56.44:933][  0]LogConfig: Setting CVar [[r.EmitterSpawnRateScale:1.0]]
[2020.04.02-22.56.44:933][  0]LogConfig: Setting CVar [[r.ParticleLightQuality:2]]
[2020.04.02-22.56.44:933][  0]LogConfig: Applying CVar settings from Section [FoliageQuality@3] File [C:/Users/Jamie's/Documents/GitHub/Alien1916Repo/Alien1916MASTER/Saved/Config/Windows/Scalability.ini]
[2020.04.02-22.56.44:933][  0]LogConfig: Setting CVar [[foliage.DensityScale:1.0]]
[2020.04.02-22.56.44:933][  0]LogConfig: Setting CVar [[grass.DensityScale:1.0]]
[2020.04.02-22.56.44:933][  0]LogConfig: Applying CVar settings from Section [Startup] File [../../../Engine/Config/ConsoleVariables.ini]
[2020.04.02-22.56.44:933][  0]LogConfig: Setting CVar [[net.UseAdaptiveNetUpdateFrequency:0]]
[2020.04.02-22.56.44:933][  0]LogConfig: Applying CVar settings from Section [ConsoleVariables] File [C:/Users/Jamie's/Documents/GitHub/Alien1916Repo/Alien1916MASTER/Saved/Config/Windows/Engine.ini]
[2020.04.02-22.56.44:934][  0]LogInit: Computer: JASON
[2020.04.02-22.56.44:934][  0]LogInit: User: Jamies
[2020.04.02-22.56.44:934][  0]LogInit: CPU Page size=4096, Cores=3
[2020.04.02-22.56.44:934][  0]LogInit: High frequency timer resolution =3.440820 MHz
[2020.04.02-22.56.44:934][  0]LogMemory: Memory total: Physical=8.0GB (8GB approx)
[2020.04.02-22.56.44:934][  0]LogMemory: Platform Memory Stats for Windows
[2020.04.02-22.56.44:934][  0]LogMemory: Process Physical Memory: 103.88 MB used, 103.88 MB peak
[2020.04.02-22.56.44:934][  0]LogMemory: Process Virtual Memory: 93.03 MB used, 93.03 MB peak
[2020.04.02-22.56.44:934][  0]LogMemory: Physical Memory: 5004.94 MB used,  3168.61 MB free, 8173.55 MB total
[2020.04.02-22.56.44:934][  0]LogMemory: Virtual Memory: 4646.47 MB used,  134213080.00 MB free, 134217728.00 MB total
[2020.04.02-22.56.44:967][  0]LogInit: Using OS detected language (en-US).
[2020.04.02-22.56.44:967][  0]LogInit: Using OS detected locale (en-GB).
[2020.04.02-22.56.44:969][  0]LogTextLocalizationManager: No specific localization for 'en-US' exists, so the 'en' localization will be used.
[2020.04.02-22.56.45:475][  0]LogStreaming: Display: Took  0.508s to InitEngineTextLocalization.
[2020.04.02-22.56.45:476][  0]LogInit: Setting process to per monitor DPI aware
[2020.04.02-22.56.45:515][  0]LogSlate: New Slate User Created.  User Index 0, Is Virtual User: 0
[2020.04.02-22.56.45:515][  0]LogSlate: Slate User Registered.  User Index 0, Is Virtual User: 0
[2020.04.02-22.56.45:804][  0]LogHMD: Failed to initialize OpenVR with code 110
[2020.04.02-22.56.45:805][  0]LogD3D11RHI: D3D11 adapters:
[2020.04.02-22.56.45:934][  0]LogD3D11RHI:    0. 'AMD Radeon (TM) R9 200 Series' (Feature Level 11_0)
[2020.04.02-22.56.45:934][  0]LogD3D11RHI:       2028/0/4086 MB DedicatedVideo/DedicatedSystem/SharedSystem, Outputs:1, VendorId:0x1002
[2020.04.02-22.56.45:937][  0]LogD3D11RHI:    1. 'Microsoft Basic Render Driver' (Feature Level 11_0)
[2020.04.02-22.56.45:937][  0]LogD3D11RHI:       0/0/4086 MB DedicatedVideo/DedicatedSystem/SharedSystem, Outputs:0, VendorId:0x1414
[2020.04.02-22.56.45:937][  0]LogD3D11RHI: Chosen D3D11 Adapter: 0
[2020.04.02-22.56.45:949][  0]LogD3D11RHI: Creating new Direct3DDevice
[2020.04.02-22.56.45:949][  0]LogD3D11RHI:     GPU DeviceId: 0x6811 (for the marketing name, search the web for "GPU Device Id")
[2020.04.02-22.56.45:949][  0]LogWindows: EnumDisplayDevices:
[2020.04.02-22.56.45:949][  0]LogWindows:    0. 'AMD Radeon (TM) R9 200 Series' (P:1 D:1)
[2020.04.02-22.56.45:949][  0]LogWindows:    1. 'AMD Radeon (TM) R9 200 Series' (P:0 D:0)
[2020.04.02-22.56.45:950][  0]LogWindows:    2. 'AMD Radeon (TM) R9 200 Series' (P:0 D:0)
[2020.04.02-22.56.45:950][  0]LogWindows:    3. 'AMD Radeon (TM) R9 200 Series' (P:0 D:0)
[2020.04.02-22.56.45:951][  0]LogWindows:    4. 'AMD Radeon (TM) R9 200 Series' (P:0 D:0)
[2020.04.02-22.56.45:951][  0]LogWindows:    5. 'AMD Radeon (TM) R9 200 Series' (P:0 D:0)
[2020.04.02-22.56.45:952][  0]LogWindows:    6. 'AMD Radeon (TM) R9 200 Series' (P:0 D:0)
[2020.04.02-22.56.45:952][  0]LogWindows:    7. 'AMD Radeon (TM) R9 200 Series' (P:0 D:0)
[2020.04.02-22.56.45:953][  0]LogWindows: DebugString: FoundDriverCount:8 
[2020.04.02-22.56.45:953][  0]LogD3D11RHI:     Adapter Name: AMD Radeon (TM) R9 200 Series
[2020.04.02-22.56.45:953][  0]LogD3D11RHI:   Driver Version: Adrenalin 2019 19.8.1 (internal:26.20.13001.29010, unified:26.20.13001.29010)
[2020.04.02-22.56.45:953][  0]LogD3D11RHI:      Driver Date: 8-8-2019
[2020.04.02-22.56.45:953][  0]LogRHI: Texture pool is 1419 MB (70% of 2028 MB)
[2020.04.02-22.56.45:991][  0]LogD3D11RHI: Async texture creation enabled
[2020.04.02-22.56.46:004][  0]LogD3D11RHI: GPU Timing Frequency: 27.000000 (Debug: 2 1)
[2020.04.02-22.56.46:515][  0]LogTemp: Display: Loaded TP AllDesktopTargetPlatform
[2020.04.02-22.56.46:536][  0]LogTemp: Display: Loaded TP MacClientTargetPlatform
[2020.04.02-22.56.46:556][  0]LogTemp: Display: Loaded TP MacNoEditorTargetPlatform
[2020.04.02-22.56.46:577][  0]LogTemp: Display: Loaded TP MacServerTargetPlatform
[2020.04.02-22.56.46:599][  0]LogTemp: Display: Loaded TP MacTargetPlatform
[2020.04.02-22.56.46:620][  0]LogTemp: Display: Loaded TP WindowsClientTargetPlatform
[2020.04.02-22.56.46:640][  0]LogTemp: Display: Loaded TP WindowsNoEditorTargetPlatform
[2020.04.02-22.56.46:661][  0]LogTemp: Display: Loaded TP WindowsServerTargetPlatform
[2020.04.02-22.56.46:670][  0]LogTemp: Display: Loaded TP WindowsTargetPlatform
[2020.04.02-22.56.46:789][  0]LogTemp: Display: Loaded TP AndroidTargetPlatform
[2020.04.02-22.56.46:789][  0]LogTemp: Display: Loaded TP AndroidTargetPlatform
[2020.04.02-22.56.46:789][  0]LogTemp: Display: Loaded TP AndroidTargetPlatform
[2020.04.02-22.56.46:789][  0]LogTemp: Display: Loaded TP AndroidTargetPlatform
[2020.04.02-22.56.46:789][  0]LogTemp: Display: Loaded TP AndroidTargetPlatform
[2020.04.02-22.56.46:789][  0]LogTemp: Display: Loaded TP AndroidTargetPlatform
[2020.04.02-22.56.46:789][  0]LogTemp: Display: Loaded TP AndroidTargetPlatform
[2020.04.02-22.56.46:789][  0]LogTemp: Display: Loaded TP AndroidTargetPlatform
[2020.04.02-22.56.46:789][  0]LogTemp: Display: Loaded TP AndroidTargetPlatform
[2020.04.02-22.56.46:789][  0]LogTemp: Display: Loaded TP AndroidTargetPlatform
[2020.04.02-22.56.46:789][  0]LogTemp: Display: Loaded TP AndroidTargetPlatform
[2020.04.02-22.56.46:789][  0]LogTemp: Display: Loaded TP AndroidTargetPlatform
[2020.04.02-22.56.46:789][  0]LogTemp: Display: Loaded TP AndroidTargetPlatform
[2020.04.02-22.56.46:789][  0]LogTemp: Display: Loaded TP AndroidTargetPlatform
[2020.04.02-22.56.46:789][  0]LogTemp: Display: Loaded TP AndroidTargetPlatform
[2020.04.02-22.56.46:789][  0]LogTemp: Display: Loaded TP AndroidTargetPlatform
[2020.04.02-22.56.46:789][  0]LogTemp: Display: Loaded TP AndroidTargetPlatform
[2020.04.02-22.56.46:789][  0]LogTemp: Display: Loaded TP AndroidTargetPlatform
[2020.04.02-22.56.46:791][  0]LogTemp: Display: Loaded TP HTML5TargetPlatform
[2020.04.02-22.56.46:874][  0]LogTemp: Display: Loaded TP IOSTargetPlatform
[2020.04.02-22.56.46:874][  0]LogTemp: Display: Loaded TP IOSTargetPlatform
[2020.04.02-22.56.46:911][  0]LogTemp: Display: Loaded TP TVOSTargetPlatform
[2020.04.02-22.56.46:911][  0]LogTemp: Display: Loaded TP TVOSTargetPlatform
[2020.04.02-22.56.46:932][  0]LogTemp: Display: Loaded TP LinuxClientTargetPlatform
[2020.04.02-22.56.46:952][  0]LogTemp: Display: Loaded TP LinuxNoEditorTargetPlatform
[2020.04.02-22.56.46:972][  0]LogTemp: Display: Loaded TP LinuxServerTargetPlatform
[2020.04.02-22.56.46:993][  0]LogTemp: Display: Loaded TP LinuxTargetPlatform
[2020.04.02-22.56.47:062][  0]LogTemp: Display: Loaded TP LuminTargetPlatform
[2020.04.02-22.56.47:062][  0]LogTemp: Display: Loaded TP LuminTargetPlatform
[2020.04.02-22.56.47:062][  0]LogTargetPlatformManager: Display: Building Assets For Windows
[2020.04.02-22.56.47:153][  0]LogShaderCompilers: Guid format shader working directory is -31 characters bigger than the processId version (../../../../../../Users/Jamie's/Documents/GitHub/Alien1916Repo/Alien1916MASTER/Intermediate/Shaders/WorkingDirectory/26456/).
[2020.04.02-22.56.47:154][  0]LogShaderCompilers: Cleaned the shader compiler working directory 'C:/Users/Jamie's/AppData/Local/Temp/UnrealShaderWorkingDir/351ECB9C487666FDAAA3FDABD6A940AA/'.
[2020.04.02-22.56.47:158][  0]LogXGEController: Cannot use XGE Controller as Incredibuild is not installed on this machine.
[2020.04.02-22.56.47:158][  0]LogShaderCompilers: Cannot use XGE Shader Compiler as Incredibuild is not installed on this machine.
[2020.04.02-22.56.47:158][  0]LogShaderCompilers: Display: Using Local Shader Compiler.
[2020.04.02-22.56.48:048][  0]LogDerivedDataCache: Display: Max Cache Size: 512 MB
[2020.04.02-22.56.48:172][  0]LogDerivedDataCache: Loaded boot cache 0.12s 71MB C:/Users/Jamie's/AppData/Local/UnrealEngine/4.21/DerivedDataCache/Boot.ddc.
[2020.04.02-22.56.48:172][  0]LogDerivedDataCache: Display: Loaded Boot cache: C:/Users/Jamie's/AppData/Local/UnrealEngine/4.21/DerivedDataCache/Boot.ddc
[2020.04.02-22.56.48:172][  0]LogDerivedDataCache: FDerivedDataBackendGraph:  Pak pak cache file ../../../../../../Users/Jamie's/Documents/GitHub/Alien1916Repo/Alien1916MASTER/DerivedDataCache/DDC.ddp not found, will not use a pak cache.
[2020.04.02-22.56.48:172][  0]LogDerivedDataCache: Unable to find inner node Pak for hierarchical cache Hierarchy.
[2020.04.02-22.56.48:172][  0]LogDerivedDataCache: FDerivedDataBackendGraph:  CompressedPak pak cache file ../../../../../../Users/Jamie's/Documents/GitHub/Alien1916Repo/Alien1916MASTER/DerivedDataCache/Compressed.ddp not found, will not use a pak cache.
[2020.04.02-22.56.48:172][  0]LogDerivedDataCache: Unable to find inner node CompressedPak for hierarchical cache Hierarchy.
[2020.04.02-22.56.48:199][  0]LogDerivedDataCache: Display: Pak cache opened for reading ../../../Engine/DerivedDataCache/Compressed.ddp.
[2020.04.02-22.56.48:204][  0]LogDerivedDataCache: Display: Pak cache opened for reading ../../../Enterprise/DerivedDataCache/Compressed.ddp.
[2020.04.02-22.56.48:217][  0]LogDerivedDataCache: Using Local data cache path C:/Users/Jamie's/AppData/Local/UnrealEngine/Common/DerivedDataCache: Writable
[2020.04.02-22.56.48:217][  0]LogDerivedDataCache: Shared data cache path not found in *engine.ini, will not use an Shared cache.
[2020.04.02-22.56.48:217][  0]LogDerivedDataCache: Unable to find inner node Shared for hierarchical cache Hierarchy.
[2020.04.02-22.56.48:252][  0]LogMaterial: Verifying Global Shaders for PCD3D_SM5
[2020.04.02-22.56.48:254][  0]LogSlate: Using FreeType 2.6.0
[2020.04.02-22.56.48:279][  0]LogSlate: SlateFontServices - WITH_FREETYPE: 1, WITH_HARFBUZZ: 1
[2020.04.02-22.56.49:104][  0]LogAssetRegistry: FAssetRegistry took 0.0509 seconds to start up
[2020.04.02-22.56.49:650][  0]LogInit: Selected Device Profile: [Windows]
[2020.04.02-22.56.49:922][  0]LogSimplygon: Simplygon DLL not present - disabling.
[2020.04.02-22.56.49:928][  0]LogMeshReduction: Using SimplygonSwarm for distributed automatic mesh merging
[2020.04.02-22.56.49:928][  0]LogMeshReduction: Using ProxyLODMeshReduction for automatic mesh merging
[2020.04.02-22.56.49:928][  0]LogMeshReduction: Using QuadricMeshReduction for automatic static mesh reduction
[2020.04.02-22.56.49:928][  0]LogMeshReduction: No automatic skeletal mesh reduction module available
[2020.04.02-22.56.49:948][  0]LogNetVersion: Alien1916MASTER 1.0.0, NetCL: 4541578, EngineNetVer: 5, GameNetVer: 0 (Checksum: 709990158)
[2020.04.02-22.56.50:684][  0]LogPackageLocalizationCache: Processed 11 localized package path(s) for 2 prioritized culture(s) in 0.124311 seconds
[2020.04.02-22.56.50:693][  0]LogUObjectArray: 39775 objects as part of root set at end of initial load.
[2020.04.02-22.56.50:693][  0]LogUObjectAllocator: 6914656 out of 0 bytes used by permanent object pool.
[2020.04.02-22.56.50:693][  0]LogUObjectArray: CloseDisregardForGC: 0/0 objects in disregard for GC pool
[2020.04.02-22.57.18:658][  0]LogTcpMessaging: Initializing TcpMessaging bridge
[2020.04.02-22.57.18:673][  0]LogUdpMessaging: Initializing bridge on interface 0.0.0.0:0 to multicast group 230.0.0.1:6666.
[2020.04.02-22.57.20:530][  0]SourceControl: Source control is disabled
[2020.04.02-22.57.20:530][  0]SourceControl: Source control is disabled
[2020.04.02-22.57.20:533][  0]SourceControl: Source control is disabled
[2020.04.02-22.57.20:535][  0]SourceControl: Source control is disabled
[2020.04.02-22.57.20:915][  0]LogAndroidPermission: UAndroidPermissionCallbackProxy::GetInstance
[2020.04.02-22.57.20:992][  0]LogOcInput: OculusInput pre-init called
[2020.04.02-22.57.21:319][  0]LogEngine: Initializing Engine...
[2020.04.02-22.57.21:320][  0]LogHMD: Failed to initialize OpenVR with code 110
[2020.04.02-22.57.21:324][  0]LogStats: UGameplayTagsManager::ConstructGameplayTagTree: ImportINI prefixes -  0.000 s
[2020.04.02-22.57.21:324][  0]LogStats: UGameplayTagsManager::ConstructGameplayTagTree: Construct from data asset -  0.000 s
[2020.04.02-22.57.21:324][  0]LogStats: UGameplayTagsManager::ConstructGameplayTagTree: ImportINI -  0.000 s
[2020.04.02-22.57.21:324][  0]LogStats: UGameplayTagsManager::ConstructGameplayTagTree: GameplayTagTreeChangedEvent.Broadcast -  0.000 s
[2020.04.02-22.57.21:659][  0]LogInit: Initializing FReadOnlyCVARCache
[2020.04.02-22.57.21:682][  0]LogAIModule: Creating AISystem for world Untitled
[2020.04.02-22.57.21:725][  0]LogInit: XAudio2 using 'Realtek Digital Output (2- Realtek High Definition Audio)' : 2 channels at 48 kHz using 16 bits per sample (channel mask 0x3)
[2020.04.02-22.57.21:748][  0]LogInit: FAudioDevice initialized.
[2020.04.02-22.57.21:748][  0]LogNetVersion: Set ProjectVersion to 1.0.0.0. Version Checksum will be recalculated on next use.
[2020.04.02-22.57.22:995][  0]LogDerivedDataCache: Saved boot cache 1.25s 71MB C:/Users/Jamie's/AppData/Local/UnrealEngine/4.21/DerivedDataCache/Boot.ddc.
[2020.04.02-22.57.23:026][  0]LogInit: Texture streaming: Enabled
[2020.04.02-22.57.23:062][  0]LogEngineSessionManager: EngineSessionManager initialized
[2020.04.02-22.57.23:084][  0]LogInit: Transaction tracking system initialized
[2020.04.02-22.57.23:123][  0]BlueprintLog: New page: Editor Load
[2020.04.02-22.57.23:466][  0]LocalizationService: Localization service is disabled
[2020.04.02-22.57.24:377][  0]LogCook: Display: Max memory allowance for cook 16384mb min free memory 0mb
[2020.04.02-22.57.24:377][  0]LogCook: Display: Mobile HDR setting 1
[2020.04.02-22.57.24:377][  0]LogGameplayTags: Display: UGameplayTagsManager::DoneAddingNativeTags. DelegateIsBound: 0
[2020.04.02-22.57.24:377][  0]LogStats: UGameplayTagsManager::ConstructGameplayTagTree: ImportINI prefixes -  0.000 s
[2020.04.02-22.57.24:378][  0]LogStats: UGameplayTagsManager::ConstructGameplayTagTree: Construct from data asset -  0.000 s
[2020.04.02-22.57.24:378][  0]LogStats: UGameplayTagsManager::ConstructGameplayTagTree: ImportINI -  0.000 s
[2020.04.02-22.57.24:378][  0]LogStats: UGameplayTagsManager::ConstructGameplayTagTree: GameplayTagTreeChangedEvent.Broadcast -  0.000 s
[2020.04.02-22.57.25:350][  0]LogFileCache: Scanning file cache for directory 'C:/Users/Jamie's/Documents/GitHub/Alien1916Repo/Alien1916MASTER/Content/' took 0.04s
[2020.04.02-22.57.26:425][  0]SourceControl: Source control is disabled
[2020.04.02-22.57.26:425][  0]Cmd: MAP LOAD FILE="../../../../../../Users/Jamie's/Documents/GitHub/Alien1916Repo/Alien1916MASTER/Content/LevelFolder/Level1/FullLevelStreamed.umap" TEMPLATE=0 SHOWPROGRESS=1 FEATURELEVEL=3
[2020.04.02-22.57.26:426][  0]LightingResults: New page: Lighting Build
[2020.04.02-22.57.26:430][  0]MapCheck: New page: Map Check
[2020.04.02-22.57.26:430][  0]LightingResults: New page: Lighting Build
[2020.04.02-22.57.29:557][  0]LogAIModule: Creating AISystem for world FullLevelStreamed
[2020.04.02-22.57.30:288][  0]LogStreaming: Display: ULevelStreaming::RequestLevel(/Game/LevelFolder/Level1/Armory) is flushing async loading
[2020.04.02-22.57.30:288][  0]LogStreaming: Display: Flushing async loaders.
[2020.04.02-22.57.36:422][  0]LogStreaming: Display: ULevelStreaming::RequestLevel(/Game/LevelFolder/Level1/Barraks) is flushing async loading
[2020.04.02-22.57.37:969][  0]LogStreaming: Display: ULevelStreaming::RequestLevel(/Game/LevelFolder/Level1/Cafeteria) is flushing async loading
[2020.04.02-22.57.38:516][  0]LogStreaming: Display: ULevelStreaming::RequestLevel(/Game/LevelFolder/Level1/Corridor) is flushing async loading
[2020.04.02-22.57.38:748][  0]LogStreaming: Display: ULevelStreaming::RequestLevel(/Game/LevelFolder/Level1/StartingArea) is flushing async loading
[2020.04.02-22.57.41:834][  0]LogEditorServer: Finished looking for orphan Actors (0.009 secs)
[2020.04.02-22.57.42:512][  0]Cmd: MAP CHECKDEP NOCLEARLOG
[2020.04.02-22.57.42:528][  0]MapCheck: Map check complete: 0 Error(s), 0 Warning(s), took 12.237ms to complete.
[2020.04.02-22.57.42:533][  0]LogFileHelpers: Loading map 'FullLevelStreamed' took 16.108
[2020.04.02-22.57.44:907][  0]LogSlate: Updating window title bar state: overlay mode, drag disabled, window buttons hidden, title bar hidden
[2020.04.02-22.57.44:952][  0]LogSlate: Updating window title bar state: overlay mode, drag disabled, window buttons hidden, title bar hidden
[2020.04.02-22.57.44:972][  0]LogSlate: Updating window title bar state: overlay mode, drag disabled, window buttons hidden, title bar hidden
[2020.04.02-22.57.44:989][  0]LogSlate: Updating window title bar state: overlay mode, drag disabled, window buttons hidden, title bar hidden
[2020.04.02-22.57.45:178][  0]LogCollectionManager: Loaded 0 collections in 0.004082 seconds
[2020.04.02-22.57.45:337][  0]LogFileCache: Scanning file cache for directory 'C:/Users/Jamie's/Documents/GitHub/Alien1916Repo/Alien1916MASTER/Saved/Collections/' took 0.01s
[2020.04.02-22.57.45:337][  0]LogFileCache: Scanning file cache for directory 'C:/Users/Jamie's/Documents/GitHub/Alien1916Repo/Alien1916MASTER/Content/Developers/Jamies/Collections/' took 0.01s
[2020.04.02-22.57.45:337][  0]LogFileCache: Scanning file cache for directory 'C:/Users/Jamie's/Documents/GitHub/Alien1916Repo/Alien1916MASTER/Content/Collections/' took 0.00s
[2020.04.02-22.57.45:337][  0]LogCollectionManager: Rebuilt the GUID cache for 0 collections in 0.000001 seconds
[2020.04.02-22.57.45:373][  0]LogContentBrowser: Native class hierarchy populated in 0.0212 seconds. Added 2660 classes and 625 folders.
[2020.04.02-22.57.45:639][  0]LogContentBrowser: Native class hierarchy updated for 'WidgetCarousel' in 0.0008 seconds. Added 0 classes and 0 folders.
[2020.04.02-22.57.45:703][  0]LogPakFile: Registered encryption key '00000000000000000000000000000000': 0 pak files mounted, 0 remain pending
[2020.04.02-22.57.45:770][  0]LogPakFile: Registered encryption key '00000000000000000000000000000000': 0 pak files mounted, 0 remain pending
[2020.04.02-22.57.45:827][  0]LogPakFile: Registered encryption key '00000000000000000000000000000000': 0 pak files mounted, 0 remain pending
[2020.04.02-22.57.45:855][  0]LogPakFile: Registered encryption key '00000000000000000000000000000000': 0 pak files mounted, 0 remain pending
[2020.04.02-22.57.45:868][  0]LogPakFile: Registered encryption key '00000000000000000000000000000000': 0 pak files mounted, 0 remain pending
[2020.04.02-22.57.45:884][  0]LogPakFile: Registered encryption key '00000000000000000000000000000000': 0 pak files mounted, 0 remain pending
[2020.04.02-22.57.45:902][  0]LogPakFile: Registered encryption key '00000000000000000000000000000000': 0 pak files mounted, 0 remain pending
[2020.04.02-22.57.45:920][  0]LogPakFile: Registered encryption key '00000000000000000000000000000000': 0 pak files mounted, 0 remain pending
[2020.04.02-22.57.45:935][  0]LogPakFile: Registered encryption key '00000000000000000000000000000000': 0 pak files mounted, 0 remain pending
[2020.04.02-22.57.45:948][  0]LogPakFile: Registered encryption key '00000000000000000000000000000000': 0 pak files mounted, 0 remain pending
[2020.04.02-22.57.45:985][  0]LogPakFile: Registered encryption key '00000000000000000000000000000000': 0 pak files mounted, 0 remain pending
[2020.04.02-22.57.46:000][  0]LogPakFile: Registered encryption key '00000000000000000000000000000000': 0 pak files mounted, 0 remain pending
[2020.04.02-22.57.46:015][  0]LogPakFile: Registered encryption key '00000000000000000000000000000000': 0 pak files mounted, 0 remain pending
[2020.04.02-22.57.46:039][  0]LogPakFile: Registered encryption key '00000000000000000000000000000000': 0 pak files mounted, 0 remain pending
[2020.04.02-22.57.46:063][  0]LogPakFile: Registered encryption key '00000000000000000000000000000000': 0 pak files mounted, 0 remain pending
[2020.04.02-22.57.46:086][  0]LogPakFile: Registered encryption key '00000000000000000000000000000000': 0 pak files mounted, 0 remain pending
[2020.04.02-22.57.46:163][  0]LogPakFile: Registered encryption key '00000000000000000000000000000000': 0 pak files mounted, 0 remain pending
[2020.04.02-22.57.46:186][  0]LogPakFile: Registered encryption key '00000000000000000000000000000000': 0 pak files mounted, 0 remain pending
[2020.04.02-22.57.46:210][  0]LogPakFile: Registered encryption key '00000000000000000000000000000000': 0 pak files mounted, 0 remain pending
[2020.04.02-22.57.46:227][  0]LogPakFile: Registered encryption key '00000000000000000000000000000000': 0 pak files mounted, 0 remain pending
[2020.04.02-22.57.46:272][  0]LogPakFile: Registered encryption key '00000000000000000000000000000000': 0 pak files mounted, 0 remain pending
[2020.04.02-22.57.46:302][  0]LogPakFile: Registered encryption key '00000000000000000000000000000000': 0 pak files mounted, 0 remain pending
[2020.04.02-22.57.46:322][  0]LogPakFile: Registered encryption key '00000000000000000000000000000000': 0 pak files mounted, 0 remain pending
[2020.04.02-22.57.46:343][  0]LogPakFile: Registered encryption key '00000000000000000000000000000000': 0 pak files mounted, 0 remain pending
[2020.04.02-22.57.46:361][  0]LogPakFile: Registered encryption key '00000000000000000000000000000000': 0 pak files mounted, 0 remain pending
[2020.04.02-22.57.46:382][  0]LogPakFile: Registered encryption key '00000000000000000000000000000000': 0 pak files mounted, 0 remain pending
[2020.04.02-22.57.46:401][  0]LogPakFile: Registered encryption key '00000000000000000000000000000000': 0 pak files mounted, 0 remain pending
[2020.04.02-22.57.46:428][  0]LogPakFile: Registered encryption key '00000000000000000000000000000000': 0 pak files mounted, 0 remain pending
[2020.04.02-22.57.48:207][  0]LogContentBrowser: Native class hierarchy updated for 'AddContentDialog' in 0.0009 seconds. Added 0 classes and 0 folders.
[2020.04.02-22.57.48:272][  0]LogContentBrowser: Native class hierarchy updated for 'SceneOutliner' in 0.0005 seconds. Added 1 classes and 2 folders.
[2020.04.02-22.57.50:015][  0]LogSlate: Took 0.020549 seconds to synchronously load lazily loaded font '../../../Engine/Content/Slate/Fonts/Roboto-Regular.ttf' (155K)
[2020.04.02-22.57.50:052][  0]LogSlate: Took 0.017888 seconds to synchronously load lazily loaded font '../../../Engine/Content/Slate/Fonts/Roboto-Bold.ttf' (160K)
[2020.04.02-22.57.50:082][  0]LogSlate: Took 0.014231 seconds to synchronously load lazily loaded font '../../../Engine/Content/Editor/Slate/Fonts/FontAwesome.ttf' (139K)
[2020.04.02-22.57.50:807][  0]LogRenderer: Reallocating scene render targets to support 1300x664 Format 10 NumSamples 1 (Frame:1).
[2020.04.02-22.57.51:965][  0]LogContentBrowser: Native class hierarchy updated for 'HierarchicalLODOutliner' in 0.0005 seconds. Added 0 classes and 0 folders.
[2020.04.02-22.57.51:965][  0]LogLoad: (Engine Initialization) Total time: 71.53 seconds
[2020.04.02-22.57.51:965][  0]LogLoad: (Engine Initialization) Total Blueprint compile time: 0.00 seconds
[2020.04.02-22.57.52:005][  0]LogWindowsTextInputMethodSystem: Display: IME system now deactivated.
[2020.04.02-22.57.52:576][  0]LogContentStreaming: Texture pool size now 1000 MB
[2020.04.02-22.57.53:310][  0]LogSlate: Took 0.088030 seconds to synchronously load lazily loaded font '../../../Engine/Content/Slate/Fonts/Roboto-Light.ttf' (167K)
[2020.04.02-22.57.53:537][  1]LogFileCache: Retrieving MD5 hashes for directory 'C:/Users/Jamie's/Documents/GitHub/Alien1916Repo/Alien1916MASTER/Content/' took 1.44s
[2020.04.02-22.57.55:407][  4]LogCollectionManager: Rebuilt the object cache for 0 collections in 0.000000 seconds (found 0 objects)
[2020.04.02-22.57.56:584][  9]LogAssetRegistry: Asset discovery search completed in 67.5022 seconds
[2020.04.02-22.57.56:632][  9]LogCollectionManager: Fixed up redirectors for 0 collections in 0.000007 seconds (updated 0 objects)
[2020.04.02-22.57.56:949][  9]LogSlate: Window 'Alien1916MASTER - Unreal Editor' being destroyed
[2020.04.02-22.57.56:950][  9]LogWindowsTextInputMethodSystem: Display: IME system now deactivated.
[2020.04.02-22.57.57:173][ 10]Cmd: QUIT_EDITOR
[2020.04.02-22.57.57:270][ 10]LogExit: Preparing to exit.
[2020.04.02-22.57.58:413][ 10]LogOutputDevice: Warning: 

Script Stack (0 frames):

[2020.04.02-22.58.17:922][ 10]LogStats: FPlatformStackWalk::StackWalkAndDump - 19.483 s
[2020.04.02-22.58.17:942][ 10]LogOutputDevice: Error: === Handled ensure: ===
[2020.04.02-22.58.17:942][ 10]LogOutputDevice: Error: 
[2020.04.02-22.58.17:942][ 10]LogOutputDevice: Error: Ensure condition failed: Ar [File:D:\Build\++UE4\Sync\Engine\Source\Developer\DirectoryWatcher\Private\FileCache.cpp] [Line: 521]
[2020.04.02-22.58.17:942][ 10]LogOutputDevice: Error: Unable to write file-cache for 'C:/Users/Jamie's/Documents/GitHub/Alien1916Repo/Alien1916MASTER/Content/' to 'C:/Users/Jamie's/Documents/GitHub/Alien1916Repo/Alien1916MASTER/Intermediate/ReimportCache/3688439234.bin'.
[2020.04.02-22.58.17:942][ 10]LogOutputDevice: Error: Stack: 
[2020.04.02-22.58.17:942][ 10]LogOutputDevice: Error: [Callstack] 0x00007ffbc19211e0 UE4Editor-DirectoryWatcher.dll!UnknownFunction []
[2020.04.02-22.58.17:942][ 10]LogOutputDevice: Error: [Callstack] 0x00007ffbc190b61a UE4Editor-DirectoryWatcher.dll!UnknownFunction []
[2020.04.02-22.58.17:942][ 10]LogOutputDevice: Error: [Callstack] 0x00007ffbc5acff8d UE4Editor-UnrealEd.dll!UnknownFunction []
[2020.04.02-22.58.17:942][ 10]LogOutputDevice: Error: [Callstack] 0x00007ffbc5aab4e2 UE4Editor-UnrealEd.dll!UnknownFunction []
[2020.04.02-22.58.17:942][ 10]LogOutputDevice: Error: [Callstack] 0x00007ffbcb51c9e1 UE4Editor-CoreUObject.dll!UnknownFunction []
[2020.04.02-22.58.17:942][ 10]LogOutputDevice: Error: [Callstack] 0x00007ffbcb564433 UE4Editor-CoreUObject.dll!UnknownFunction []
[2020.04.02-22.58.17:942][ 10]LogOutputDevice: Error: [Callstack] 0x00007ffbcb36e977 UE4Editor-CoreUObject.dll!UnknownFunction []
[2020.04.02-22.58.17:942][ 10]LogOutputDevice: Error: [Callstack] 0x00007ff691f4fd54 UE4Editor.exe!UnknownFunction []
[2020.04.02-22.58.17:942][ 10]LogOutputDevice: Error: [Callstack] 0x00007ff691f4f9e6 UE4Editor.exe!UnknownFunction []
[2020.04.02-22.58.17:942][ 10]LogOutputDevice: Error: [Callstack] 0x00007ff691f54e6f UE4Editor.exe!UnknownFunction []
[2020.04.02-22.58.17:942][ 10]LogOutputDevice: Error: [Callstack] 0x00007ff691f559a1 UE4Editor.exe!UnknownFunction []
[2020.04.02-22.58.17:942][ 10]LogOutputDevice: Error: [Callstack] 0x00007ff691f559ea UE4Editor.exe!UnknownFunction []
[2020.04.02-22.58.17:942][ 10]LogOutputDevice: Error: [Callstack] 0x00007ff691f648da UE4Editor.exe!UnknownFunction []
[2020.04.02-22.58.17:942][ 10]LogOutputDevice: Error: [Callstack] 0x00007ff691f6659a UE4Editor.exe!UnknownFunction []
[2020.04.02-22.58.17:942][ 10]LogOutputDevice: Error: [Callstack] 0x00007ffc49074034 KERNEL32.DLL!UnknownFunction []
[2020.04.02-22.58.17:943][ 10]LogOutputDevice: Error: [Callstack] 0x00007ffc4bc53691 ntdll.dll!UnknownFunction []
[2020.04.02-22.58.17:943][ 10]LogOutputDevice: Error: 
[2020.04.02-22.58.17:948][ 10]LogStats:                SubmitErrorReport -  0.000 s
