Log file open, 04/01/20 20:18:45
LogWindows: Failed to load 'aqProf.dll' (GetLastError=126)
LogWindows: File 'aqProf.dll' does not exist
LogWindows: Failed to load 'VtuneApi.dll' (GetLastError=126)
LogWindows: File 'VtuneApi.dll' does not exist
LogWindows: Failed to load 'VtuneApi32e.dll' (GetLastError=126)
LogWindows: File 'VtuneApi32e.dll' does not exist
LogConsoleResponse: Display: Failed to find resolution value strings in scalability ini. Falling back to default.
LogInit: Display: Running engine for game: Alien1916MASTER
LogPakFile: Registered encryption key '00000000000000000000000000000000': 0 pak files mounted, 0 remain pending
LogPlatformFile: Not using cached read wrapper
LogTaskGraph: Started task graph with 5 named threads and 17 total threads with 3 sets of task threads.
LogStats: Stats thread started at 0.425648
LogD3D11RHI: Loaded GFSDK_Aftermath_Lib.x64.dll
LogICUInternationalization: ICU TimeZone Detection - Raw Offset: +0:00, Platform Override: ''
LogPluginManager: Mounting plugin Paper2D
LogPluginManager: Mounting plugin AISupport
LogPluginManager: Mounting plugin LightPropagationVolume
LogPluginManager: Mounting plugin ActorLayerUtilities
LogPluginManager: Mounting plugin CLionSourceCodeAccess
LogPluginManager: Mounting plugin CodeLiteSourceCodeAccess
LogPluginManager: Mounting plugin GitSourceControl
LogPluginManager: Mounting plugin KDevelopSourceCodeAccess
LogPluginManager: Mounting plugin NullSourceCodeAccess
LogPluginManager: Mounting plugin PerforceSourceControl
LogPluginManager: Mounting plugin SubversionSourceControl
LogPluginManager: Mounting plugin UObjectPlugin
LogPluginManager: Mounting plugin VisualStudioCodeSourceCodeAccess
LogPluginManager: Mounting plugin VisualStudioSourceCodeAccess
LogPluginManager: Mounting plugin XCodeSourceCodeAccess
LogPluginManager: Mounting plugin AssetManagerEditor
LogPluginManager: Mounting plugin CryptoKeys
LogPluginManager: Mounting plugin DataValidation
LogPluginManager: Mounting plugin FacialAnimation
LogPluginManager: Mounting plugin GameplayTagsEditor
LogPluginManager: Mounting plugin MacGraphicsSwitching
LogPluginManager: Mounting plugin MeshEditor
LogPluginManager: Mounting plugin MobileLauncherProfileWizard
LogPluginManager: Mounting plugin PluginBrowser
LogPluginManager: Mounting plugin SpeedTreeImporter
LogPluginManager: Mounting plugin DatasmithContent
LogPluginManager: Mounting plugin VariantManagerContent
LogPluginManager: Mounting plugin AlembicImporter
LogPluginManager: Mounting plugin AppleImageUtils
LogPluginManager: Mounting plugin AppleVision
LogPluginManager: Mounting plugin BackChannel
LogPluginManager: Mounting plugin CharacterAI
LogPluginManager: Mounting plugin GeometryCache
LogPluginManager: Mounting plugin HTML5Networking
LogPluginManager: Mounting plugin ProxyLODPlugin
LogPluginManager: Mounting plugin MagicLeap
LogPluginManager: Mounting plugin MagicLeapMedia
LogPluginManager: Mounting plugin AndroidMedia
LogPluginManager: Mounting plugin AvfMedia
LogPluginManager: Mounting plugin ImgMedia
LogPluginManager: Mounting plugin LinearTimecode
LogPluginManager: Mounting plugin MediaCompositing
LogPluginManager: Mounting plugin MediaPlayerEditor
LogPluginManager: Mounting plugin WebMMedia
LogPluginManager: Mounting plugin WmfMedia
LogPluginManager: Mounting plugin TcpMessaging
LogPluginManager: Mounting plugin UdpMessaging
LogPluginManager: Mounting plugin ActorSequence
LogPluginManager: Mounting plugin LevelSequenceEditor
LogPluginManager: Mounting plugin MatineeToLevelSequence
LogPluginManager: Mounting plugin NetcodeUnitTest
LogPluginManager: Mounting plugin NUTUnrealEngine4
LogPluginManager: Mounting plugin OnlineSubsystemGooglePlay
LogPluginManager: Mounting plugin OnlineSubsystemIOS
LogPluginManager: Mounting plugin OnlineSubsystem
LogPluginManager: Mounting plugin OnlineSubsystemNull
LogPluginManager: Mounting plugin OnlineSubsystemUtils
LogPluginManager: Mounting plugin LauncherChunkInstaller
LogPluginManager: Mounting plugin AndroidDeviceProfileSelector
LogPluginManager: Mounting plugin AndroidMoviePlayer
LogPluginManager: Mounting plugin AndroidPermission
LogPluginManager: Mounting plugin ApexDestruction
LogPluginManager: Mounting plugin AppleMoviePlayer
LogPluginManager: Mounting plugin ArchVisCharacter
LogPluginManager: Mounting plugin AudioCapture
LogPluginManager: Mounting plugin CableComponent
LogPluginManager: Mounting plugin CustomMeshComponent
LogPluginManager: Mounting plugin EditableMesh
LogPluginManager: Mounting plugin ExampleDeviceProfileSelector
LogPluginManager: Mounting plugin Firebase
LogPluginManager: Mounting plugin GoogleCloudMessaging
LogPluginManager: Mounting plugin IOSDeviceProfileSelector
LogPluginManager: Mounting plugin LinuxDeviceProfileSelector
LogPluginManager: Mounting plugin LocationServicesBPLibrary
LogPluginManager: Mounting plugin MobilePatchingUtils
LogPluginManager: Mounting plugin OculusVR
LogPluginManager: Mounting plugin PhysXVehicles
LogPluginManager: Mounting plugin ProceduralMeshComponent
LogPluginManager: Mounting plugin RuntimePhysXCooking
LogPluginManager: Mounting plugin SteamVR
LogPluginManager: Mounting plugin WebMMoviePlayer
LogPluginManager: Mounting plugin WindowsMoviePlayer
LogStreaming: Display: Took  0.350s to configure plugins.
LogInit: Using libcurl 7.55.1-DEV
LogInit:  - built for x86_64-pc-win32
LogInit:  - supports SSL with OpenSSL/1.0.2h
LogInit:  - supports HTTP deflate (compression) using libz 1.2.8
LogInit:  - other features:
LogInit:      CURL_VERSION_SSL
LogInit:      CURL_VERSION_LIBZ
LogInit:      CURL_VERSION_IPV6
LogInit:      CURL_VERSION_ASYNCHDNS
LogInit:      CURL_VERSION_LARGEFILE
LogInit:      CURL_VERSION_IDN
LogInit:  CurlRequestOptions (configurable via config and command line):
LogInit:  - bVerifyPeer = true  - Libcurl will verify peer certificate
LogInit:  - bUseHttpProxy = false  - Libcurl will NOT use HTTP proxy
LogInit:  - bDontReuseConnections = false  - Libcurl will reuse connections
LogInit:  - MaxHostConnections = 16  - Libcurl will limit the number of connections to a host
LogInit:  - LocalHostAddr = Default
LogInit:  - BufferSize = 65536
LogInit: WinSock: version 1.1 (2.2), MaxSocks=32767, MaxUdp=65467
LogInit: Build: ++UE4+Release-4.21-CL-4753647
LogInit: Engine Version: 4.21.2-4753647+++UE4+Release-4.21
LogInit: Compatible Engine Version: 4.21.0-4541578+++UE4+Release-4.21
LogInit: Net CL: 4541578
LogInit: OS: Windows 10 (), CPU: AMD FX(tm)-6300 Six-Core Processor             , GPU: AMD Radeon (TM) R9 200 Series
LogInit: Compiled (64-bit): Jan 19 2019 02:07:31
LogInit: Compiled with Visual C++: 19.13.26129.00
LogInit: Build Configuration: Development
LogInit: Branch Name: ++UE4+Release-4.21
LogInit: Command Line: 
LogInit: Base Directory: C:/Program Files/Epic Games/UE_4.21/Engine/Binaries/Win64/
LogInit: Installed Engine Build: 1
LogDevObjectVersion: Number of dev versions registered: 22
LogDevObjectVersion:   Dev-Blueprints (B0D832E4-1F89-4F0D-ACCF-7EB736FD4AA2): 10
LogDevObjectVersion:   Dev-Build (E1C64328-A22C-4D53-A36C-8E866417BD8C): 0
LogDevObjectVersion:   Dev-Core (375EC13C-06E4-48FB-B500-84F0262A717E): 2
LogDevObjectVersion:   Dev-Editor (E4B068ED-F494-42E9-A231-DA0B2E46BB41): 26
LogDevObjectVersion:   Dev-Framework (CFFC743F-43B0-4480-9391-14DF171D2073): 34
LogDevObjectVersion:   Dev-Mobile (B02B49B5-BB20-44E9-A304-32B752E40360): 2
LogDevObjectVersion:   Dev-Networking (A4E4105C-59A1-49B5-A7C5-40C4547EDFEE): 0
LogDevObjectVersion:   Dev-Online (39C831C9-5AE6-47DC-9A44-9C173E1C8E7C): 0
LogDevObjectVersion:   Dev-Physics (78F01B33-EBEA-4F98-B9B4-84EACCB95AA2): 0
LogDevObjectVersion:   Dev-Platform (6631380F-2D4D-43E0-8009-CF276956A95A): 0
LogDevObjectVersion:   Dev-Rendering (12F88B9F-8875-4AFC-A67C-D90C383ABD29): 27
LogDevObjectVersion:   Dev-Sequencer (7B5AE74C-D270-4C10-A958-57980B212A5A): 9
LogDevObjectVersion:   Dev-VR (D7296918-1DD6-4BDD-9DE2-64A83CC13884): 2
LogDevObjectVersion:   Dev-LoadTimes (C2A15278-BFE7-4AFE-6C17-90FF531DF755): 1
LogDevObjectVersion:   Private-Geometry (6EACA3D4-40EC-4CC1-B786-8BED09428FC5): 3
LogDevObjectVersion:   Dev-AnimPhys (29E575DD-E0A3-4627-9D10-D276232CDCEA): 17
LogDevObjectVersion:   Dev-Anim (AF43A65D-7FD3-4947-9873-3E8ED9C1BB05): 2
LogDevObjectVersion:   Dev-ReflectionCapture (6B266CEC-1EC7-4B8F-A30B-E4D90942FC07): 1
LogDevObjectVersion:   Dev-Automation (0DF73D61-A23F-47EA-B727-89E90C41499A): 1
LogDevObjectVersion:   FortniteMain (601D1886-AC64-4F84-AA16-D3DE0DEAC7D6): 17
LogDevObjectVersion:   Dev-Enterprise (9DFFBCD6-494F-0158-E221-12823C92A888): 4
LogDevObjectVersion:   Dev-Niagara (F2AED0AC-9AFE-416F-8664-AA7FFA26D6FC): 1
LogStreaming: Display: Took  0.001s to delete old logs.
LogInit: Presizing for max 8388607 objects, including 0 objects not considered by GC, pre-allocating 0 bytes for permanent pool.
LogInit: Object subsystem initialized
LogConfig: Setting CVar [[con.DebugEarlyDefault:1]]
LogConfig: Setting CVar [[r.setres:1280x720]]
[2020.04.01-19.18.48:443][  0]LogConfig: Setting CVar [[r.VSync:0]]
[2020.04.01-19.18.48:444][  0]LogConfig: Setting CVar [[r.RHICmdBypass:0]]
[2020.04.01-19.18.48:460][  0]LogConfig: Applying CVar settings from Section [/Script/Engine.RendererSettings] File [C:/Users/Jamie's/Documents/GitHub/Alien1916Repo/Alien1916MASTER/Saved/Config/Windows/Engine.ini]
[2020.04.01-19.18.48:461][  0]LogConfig: Setting CVar [[r.GPUCrashDebugging:0]]
[2020.04.01-19.18.48:461][  0]LogConfig: Applying CVar settings from Section [/Script/Engine.RendererOverrideSettings] File [C:/Users/Jamie's/Documents/GitHub/Alien1916Repo/Alien1916MASTER/Saved/Config/Windows/Engine.ini]
[2020.04.01-19.18.48:461][  0]LogConfig: Applying CVar settings from Section [/Script/Engine.StreamingSettings] File [C:/Users/Jamie's/Documents/GitHub/Alien1916Repo/Alien1916MASTER/Saved/Config/Windows/Engine.ini]
[2020.04.01-19.18.48:461][  0]LogConfig: Setting CVar [[s.MinBulkDataSizeForAsyncLoading:131072]]
[2020.04.01-19.18.48:461][  0]LogConfig: Setting CVar [[s.AsyncLoadingThreadEnabled:0]]
[2020.04.01-19.18.48:461][  0]LogConfig: Setting CVar [[s.EventDrivenLoaderEnabled:1]]
[2020.04.01-19.18.48:461][  0]LogConfig: Setting CVar [[s.WarnIfTimeLimitExceeded:0]]
[2020.04.01-19.18.48:461][  0]LogConfig: Setting CVar [[s.TimeLimitExceededMultiplier:1.5]]
[2020.04.01-19.18.48:461][  0]LogConfig: Setting CVar [[s.TimeLimitExceededMinTime:0.005]]
[2020.04.01-19.18.48:461][  0]LogConfig: Setting CVar [[s.UseBackgroundLevelStreaming:1]]
[2020.04.01-19.18.48:461][  0]LogConfig: Setting CVar [[s.PriorityAsyncLoadingExtraTime:15.0]]
[2020.04.01-19.18.48:461][  0]LogConfig: Setting CVar [[s.LevelStreamingActorsUpdateTimeLimit:5.0]]
[2020.04.01-19.18.48:461][  0]LogConfig: Setting CVar [[s.PriorityLevelStreamingActorsUpdateExtraTime:5.0]]
[2020.04.01-19.18.48:461][  0]LogConfig: Setting CVar [[s.LevelStreamingComponentsRegistrationGranularity:10]]
[2020.04.01-19.18.48:461][  0]LogConfig: Setting CVar [[s.UnregisterComponentsTimeLimit:1.0]]
[2020.04.01-19.18.48:461][  0]LogConfig: Setting CVar [[s.LevelStreamingComponentsUnregistrationGranularity:5]]
[2020.04.01-19.18.48:461][  0]LogConfig: Applying CVar settings from Section [/Script/Engine.GarbageCollectionSettings] File [C:/Users/Jamie's/Documents/GitHub/Alien1916Repo/Alien1916MASTER/Saved/Config/Windows/Engine.ini]
[2020.04.01-19.18.48:461][  0]LogConfig: Setting CVar [[gc.MaxObjectsNotConsideredByGC:1]]
[2020.04.01-19.18.48:462][  0]LogConfig: Setting CVar [[gc.SizeOfPermanentObjectPool:0]]
[2020.04.01-19.18.48:462][  0]LogConfig: Setting CVar [[gc.FlushStreamingOnGC:0]]
[2020.04.01-19.18.48:462][  0]LogConfig: Setting CVar [[gc.NumRetriesBeforeForcingGC:10]]
[2020.04.01-19.18.48:462][  0]LogConfig: Setting CVar [[gc.AllowParallelGC:1]]
[2020.04.01-19.18.48:462][  0]LogConfig: Setting CVar [[gc.TimeBetweenPurgingPendingKillObjects:61.1]]
[2020.04.01-19.18.48:462][  0]LogConfig: Setting CVar [[gc.MaxObjectsInEditor:8388607]]
[2020.04.01-19.18.48:462][  0]LogConfig: Setting CVar [[gc.IncrementalBeginDestroyEnabled:1]]
[2020.04.01-19.18.48:462][  0]LogConfig: Setting CVar [[gc.CreateGCClusters:1]]
[2020.04.01-19.18.48:462][  0]LogConfig: Setting CVar [[gc.MergeGCClusters:0]]
[2020.04.01-19.18.48:462][  0]LogConfig: Setting CVar [[gc.MinGCClusterSize:5]]
[2020.04.01-19.18.48:462][  0]LogConfig: Setting CVar [[gc.ActorClusteringEnabled:0]]
[2020.04.01-19.18.48:462][  0]LogConfig: Setting CVar [[gc.BlueprintClusteringEnabled:0]]
[2020.04.01-19.18.48:462][  0]LogConfig: Setting CVar [[gc.UseDisregardForGCOnDedicatedServers:0]]
[2020.04.01-19.18.48:462][  0]LogConfig: Applying CVar settings from Section [/Script/Engine.NetworkSettings] File [C:/Users/Jamie's/Documents/GitHub/Alien1916Repo/Alien1916MASTER/Saved/Config/Windows/Engine.ini]
[2020.04.01-19.18.48:462][  0]LogConfig: Applying CVar settings from Section [/Script/UnrealEd.CookerSettings] File [C:/Users/Jamie's/Documents/GitHub/Alien1916Repo/Alien1916MASTER/Saved/Config/Windows/Engine.ini]
[2020.04.01-19.18.48:560][  0]LogConfig: Applying CVar settings from Section [ViewDistanceQuality@3] File [C:/Users/Jamie's/Documents/GitHub/Alien1916Repo/Alien1916MASTER/Saved/Config/Windows/Scalability.ini]
[2020.04.01-19.18.48:561][  0]LogConfig: Setting CVar [[r.SkeletalMeshLODBias:0]]
[2020.04.01-19.18.48:561][  0]LogConfig: Setting CVar [[r.ViewDistanceScale:1.0]]
[2020.04.01-19.18.48:561][  0]LogConfig: Applying CVar settings from Section [AntiAliasingQuality@3] File [C:/Users/Jamie's/Documents/GitHub/Alien1916Repo/Alien1916MASTER/Saved/Config/Windows/Scalability.ini]
[2020.04.01-19.18.48:561][  0]LogConfig: Setting CVar [[r.PostProcessAAQuality:4]]
[2020.04.01-19.18.48:561][  0]LogConfig: Applying CVar settings from Section [ShadowQuality@3] File [C:/Users/Jamie's/Documents/GitHub/Alien1916Repo/Alien1916MASTER/Saved/Config/Windows/Scalability.ini]
[2020.04.01-19.18.48:561][  0]LogConfig: Setting CVar [[r.LightFunctionQuality:1]]
[2020.04.01-19.18.48:561][  0]LogConfig: Setting CVar [[r.ShadowQuality:5]]
[2020.04.01-19.18.48:561][  0]LogConfig: Setting CVar [[r.Shadow.CSM.MaxCascades:10]]
[2020.04.01-19.18.48:561][  0]LogConfig: Setting CVar [[r.Shadow.MaxResolution:2048]]
[2020.04.01-19.18.48:561][  0]LogConfig: Setting CVar [[r.Shadow.MaxCSMResolution:2048]]
[2020.04.01-19.18.48:561][  0]LogConfig: Setting CVar [[r.Shadow.RadiusThreshold:0.01]]
[2020.04.01-19.18.48:561][  0]LogConfig: Setting CVar [[r.Shadow.DistanceScale:1.0]]
[2020.04.01-19.18.48:561][  0]LogConfig: Setting CVar [[r.Shadow.CSM.TransitionScale:1.0]]
[2020.04.01-19.18.48:561][  0]LogConfig: Setting CVar [[r.Shadow.PreShadowResolutionFactor:1.0]]
[2020.04.01-19.18.48:561][  0]LogConfig: Setting CVar [[r.DistanceFieldShadowing:1]]
[2020.04.01-19.18.48:561][  0]LogConfig: Setting CVar [[r.DistanceFieldAO:1]]
[2020.04.01-19.18.48:561][  0]LogConfig: Setting CVar [[r.AOQuality:2]]
[2020.04.01-19.18.48:561][  0]LogConfig: Setting CVar [[r.VolumetricFog:1]]
[2020.04.01-19.18.48:561][  0]LogConfig: Setting CVar [[r.VolumetricFog.GridPixelSize:8]]
[2020.04.01-19.18.48:561][  0]LogConfig: Setting CVar [[r.VolumetricFog.GridSizeZ:128]]
[2020.04.01-19.18.48:561][  0]LogConfig: Setting CVar [[r.VolumetricFog.HistoryMissSupersampleCount:4]]
[2020.04.01-19.18.48:561][  0]LogConfig: Setting CVar [[r.LightMaxDrawDistanceScale:1]]
[2020.04.01-19.18.48:561][  0]LogConfig: Setting CVar [[r.CapsuleShadows:1]]
[2020.04.01-19.18.48:561][  0]LogConfig: Applying CVar settings from Section [PostProcessQuality@3] File [C:/Users/Jamie's/Documents/GitHub/Alien1916Repo/Alien1916MASTER/Saved/Config/Windows/Scalability.ini]
[2020.04.01-19.18.48:561][  0]LogConfig: Setting CVar [[r.MotionBlurQuality:4]]
[2020.04.01-19.18.48:561][  0]LogConfig: Setting CVar [[r.AmbientOcclusionMipLevelFactor:0.4]]
[2020.04.01-19.18.48:561][  0]LogConfig: Setting CVar [[r.AmbientOcclusionMaxQuality:100]]
[2020.04.01-19.18.48:561][  0]LogConfig: Setting CVar [[r.AmbientOcclusionLevels:-1]]
[2020.04.01-19.18.48:561][  0]LogConfig: Setting CVar [[r.AmbientOcclusionRadiusScale:1.0]]
[2020.04.01-19.18.48:561][  0]LogConfig: Setting CVar [[r.DepthOfFieldQuality:2]]
[2020.04.01-19.18.48:561][  0]LogConfig: Setting CVar [[r.RenderTargetPoolMin:400]]
[2020.04.01-19.18.48:561][  0]LogConfig: Setting CVar [[r.LensFlareQuality:2]]
[2020.04.01-19.18.48:561][  0]LogConfig: Setting CVar [[r.SceneColorFringeQuality:1]]
[2020.04.01-19.18.48:561][  0]LogConfig: Setting CVar [[r.EyeAdaptationQuality:2]]
[2020.04.01-19.18.48:561][  0]LogConfig: Setting CVar [[r.BloomQuality:5]]
[2020.04.01-19.18.48:561][  0]LogConfig: Setting CVar [[r.FastBlurThreshold:100]]
[2020.04.01-19.18.48:561][  0]LogConfig: Setting CVar [[r.Upscale.Quality:3]]
[2020.04.01-19.18.48:561][  0]LogConfig: Setting CVar [[r.Tonemapper.GrainQuantization:1]]
[2020.04.01-19.18.48:561][  0]LogConfig: Setting CVar [[r.LightShaftQuality:1]]
[2020.04.01-19.18.48:561][  0]LogConfig: Setting CVar [[r.Filter.SizeScale:1]]
[2020.04.01-19.18.48:561][  0]LogConfig: Setting CVar [[r.Tonemapper.Quality:5]]
[2020.04.01-19.18.48:561][  0]LogConfig: Setting CVar [[r.DOF.Gather.AccumulatorQuality:1        ; higher gathering accumulator quality]]
[2020.04.01-19.18.48:561][  0]LogConfig: Setting CVar [[r.DOF.Gather.PostfilterMethod:1          ; Median3x3 postfilering method]]
[2020.04.01-19.18.48:561][  0]LogConfig: Setting CVar [[r.DOF.Gather.EnableBokehSettings:0       ; no bokeh simulation when gathering]]
[2020.04.01-19.18.48:561][  0]LogConfig: Setting CVar [[r.DOF.Gather.RingCount:4                 ; medium number of samples when gathering]]
[2020.04.01-19.18.48:561][  0]LogConfig: Setting CVar [[r.DOF.Scatter.ForegroundCompositing:1    ; additive foreground scattering]]
[2020.04.01-19.18.48:561][  0]LogConfig: Setting CVar [[r.DOF.Scatter.BackgroundCompositing:2    ; additive background scattering]]
[2020.04.01-19.18.48:561][  0]LogConfig: Setting CVar [[r.DOF.Scatter.EnableBokehSettings:1      ; bokeh simulation when scattering]]
[2020.04.01-19.18.48:561][  0]LogConfig: Setting CVar [[r.DOF.Scatter.MaxSpriteRatio:0.1         ; only a maximum of 10% of scattered bokeh]]
[2020.04.01-19.18.48:561][  0]LogConfig: Setting CVar [[r.DOF.Recombine.Quality:1                ; cheap slight out of focus]]
[2020.04.01-19.18.48:562][  0]LogConfig: Setting CVar [[r.DOF.Recombine.EnableBokehSettings:0    ; no bokeh simulation on slight out of focus]]
[2020.04.01-19.18.48:562][  0]LogConfig: Setting CVar [[r.DOF.TemporalAAQuality:1                ; more stable temporal accumulation]]
[2020.04.01-19.18.48:562][  0]LogConfig: Setting CVar [[r.DOF.Kernel.MaxForegroundRadius:0.025]]
[2020.04.01-19.18.48:562][  0]LogConfig: Setting CVar [[r.DOF.Kernel.MaxBackgroundRadius:0.025]]
[2020.04.01-19.18.48:562][  0]LogConfig: Applying CVar settings from Section [TextureQuality@3] File [C:/Users/Jamie's/Documents/GitHub/Alien1916Repo/Alien1916MASTER/Saved/Config/Windows/Scalability.ini]
[2020.04.01-19.18.48:562][  0]LogConfig: Setting CVar [[r.Streaming.MipBias:0]]
[2020.04.01-19.18.48:562][  0]LogConfig: Setting CVar [[r.Streaming.AmortizeCPUToGPUCopy:0]]
[2020.04.01-19.18.48:562][  0]LogConfig: Setting CVar [[r.Streaming.MaxNumTexturesToStreamPerFrame:0]]
[2020.04.01-19.18.48:562][  0]LogConfig: Setting CVar [[r.Streaming.Boost:1]]
[2020.04.01-19.18.48:562][  0]LogConfig: Setting CVar [[r.MaxAnisotropy:8]]
[2020.04.01-19.18.48:562][  0]LogConfig: Setting CVar [[r.Streaming.LimitPoolSizeToVRAM:0]]
[2020.04.01-19.18.48:562][  0]LogConfig: Setting CVar [[r.Streaming.PoolSize:1000]]
[2020.04.01-19.18.48:562][  0]LogConfig: Setting CVar [[r.Streaming.MaxEffectiveScreenSize:0]]
[2020.04.01-19.18.48:562][  0]LogConfig: Applying CVar settings from Section [EffectsQuality@3] File [C:/Users/Jamie's/Documents/GitHub/Alien1916Repo/Alien1916MASTER/Saved/Config/Windows/Scalability.ini]
[2020.04.01-19.18.48:562][  0]LogConfig: Setting CVar [[r.TranslucencyLightingVolumeDim:64]]
[2020.04.01-19.18.48:562][  0]LogConfig: Setting CVar [[r.RefractionQuality:2]]
[2020.04.01-19.18.48:562][  0]LogConfig: Setting CVar [[r.SSR.Quality:3]]
[2020.04.01-19.18.48:562][  0]LogConfig: Setting CVar [[r.SceneColorFormat:4]]
[2020.04.01-19.18.48:562][  0]LogConfig: Setting CVar [[r.DetailMode:2]]
[2020.04.01-19.18.48:562][  0]LogConfig: Setting CVar [[r.TranslucencyVolumeBlur:1]]
[2020.04.01-19.18.48:562][  0]LogConfig: Setting CVar [[r.MaterialQualityLevel:1 ; High quality]]
[2020.04.01-19.18.48:562][  0]LogConfig: Setting CVar [[r.SSS.Scale:1]]
[2020.04.01-19.18.48:562][  0]LogConfig: Setting CVar [[r.SSS.SampleSet:2]]
[2020.04.01-19.18.48:562][  0]LogConfig: Setting CVar [[r.SSS.Quality:1]]
[2020.04.01-19.18.48:562][  0]LogConfig: Setting CVar [[r.SSS.HalfRes:1]]
[2020.04.01-19.18.48:562][  0]LogConfig: Setting CVar [[r.EmitterSpawnRateScale:1.0]]
[2020.04.01-19.18.48:562][  0]LogConfig: Setting CVar [[r.ParticleLightQuality:2]]
[2020.04.01-19.18.48:562][  0]LogConfig: Applying CVar settings from Section [FoliageQuality@3] File [C:/Users/Jamie's/Documents/GitHub/Alien1916Repo/Alien1916MASTER/Saved/Config/Windows/Scalability.ini]
[2020.04.01-19.18.48:562][  0]LogConfig: Setting CVar [[foliage.DensityScale:1.0]]
[2020.04.01-19.18.48:562][  0]LogConfig: Setting CVar [[grass.DensityScale:1.0]]
[2020.04.01-19.18.48:575][  0]LogInit: Selected Device Profile: [Windows]
[2020.04.01-19.18.48:575][  0]LogInit: Applying CVar settings loaded from the selected device profile: [Windows]
[2020.04.01-19.18.48:656][  0]LogHAL: Display: Platform has ~ 8 GB [8570589184 / 8589934592 / 8], which maps to Default [LargestMinGB=32, LargerMinGB=12, DefaultMinGB=8, SmallerMinGB=6, SmallestMinGB=0)
[2020.04.01-19.18.48:678][  0]LogConfig: Setting CVar [[r.Vulkan.UseRealUBs:1]]
[2020.04.01-19.18.48:678][  0]LogInit: Going up to parent DeviceProfile []
[2020.04.01-19.18.48:678][  0]LogConfig: Applying CVar settings from Section [ViewDistanceQuality@3] File [C:/Users/Jamie's/Documents/GitHub/Alien1916Repo/Alien1916MASTER/Saved/Config/Windows/Scalability.ini]
[2020.04.01-19.18.48:679][  0]LogConfig: Setting CVar [[r.SkeletalMeshLODBias:0]]
[2020.04.01-19.18.48:679][  0]LogConfig: Setting CVar [[r.ViewDistanceScale:1.0]]
[2020.04.01-19.18.48:679][  0]LogConfig: Applying CVar settings from Section [AntiAliasingQuality@3] File [C:/Users/Jamie's/Documents/GitHub/Alien1916Repo/Alien1916MASTER/Saved/Config/Windows/Scalability.ini]
[2020.04.01-19.18.48:679][  0]LogConfig: Setting CVar [[r.PostProcessAAQuality:4]]
[2020.04.01-19.18.48:679][  0]LogConfig: Applying CVar settings from Section [ShadowQuality@3] File [C:/Users/Jamie's/Documents/GitHub/Alien1916Repo/Alien1916MASTER/Saved/Config/Windows/Scalability.ini]
[2020.04.01-19.18.48:679][  0]LogConfig: Setting CVar [[r.LightFunctionQuality:1]]
[2020.04.01-19.18.48:679][  0]LogConfig: Setting CVar [[r.ShadowQuality:5]]
[2020.04.01-19.18.48:679][  0]LogConfig: Setting CVar [[r.Shadow.CSM.MaxCascades:10]]
[2020.04.01-19.18.48:679][  0]LogConfig: Setting CVar [[r.Shadow.MaxResolution:2048]]
[2020.04.01-19.18.48:679][  0]LogConfig: Setting CVar [[r.Shadow.MaxCSMResolution:2048]]
[2020.04.01-19.18.48:679][  0]LogConfig: Setting CVar [[r.Shadow.RadiusThreshold:0.01]]
[2020.04.01-19.18.48:679][  0]LogConfig: Setting CVar [[r.Shadow.DistanceScale:1.0]]
[2020.04.01-19.18.48:679][  0]LogConfig: Setting CVar [[r.Shadow.CSM.TransitionScale:1.0]]
[2020.04.01-19.18.48:679][  0]LogConfig: Setting CVar [[r.Shadow.PreShadowResolutionFactor:1.0]]
[2020.04.01-19.18.48:679][  0]LogConfig: Setting CVar [[r.DistanceFieldShadowing:1]]
[2020.04.01-19.18.48:679][  0]LogConfig: Setting CVar [[r.DistanceFieldAO:1]]
[2020.04.01-19.18.48:679][  0]LogConfig: Setting CVar [[r.AOQuality:2]]
[2020.04.01-19.18.48:679][  0]LogConfig: Setting CVar [[r.VolumetricFog:1]]
[2020.04.01-19.18.48:679][  0]LogConfig: Setting CVar [[r.VolumetricFog.GridPixelSize:8]]
[2020.04.01-19.18.48:679][  0]LogConfig: Setting CVar [[r.VolumetricFog.GridSizeZ:128]]
[2020.04.01-19.18.48:679][  0]LogConfig: Setting CVar [[r.VolumetricFog.HistoryMissSupersampleCount:4]]
[2020.04.01-19.18.48:679][  0]LogConfig: Setting CVar [[r.LightMaxDrawDistanceScale:1]]
[2020.04.01-19.18.48:679][  0]LogConfig: Setting CVar [[r.CapsuleShadows:1]]
[2020.04.01-19.18.48:679][  0]LogConfig: Applying CVar settings from Section [PostProcessQuality@3] File [C:/Users/Jamie's/Documents/GitHub/Alien1916Repo/Alien1916MASTER/Saved/Config/Windows/Scalability.ini]
[2020.04.01-19.18.48:679][  0]LogConfig: Setting CVar [[r.MotionBlurQuality:4]]
[2020.04.01-19.18.48:679][  0]LogConfig: Setting CVar [[r.AmbientOcclusionMipLevelFactor:0.4]]
[2020.04.01-19.18.48:679][  0]LogConfig: Setting CVar [[r.AmbientOcclusionMaxQuality:100]]
[2020.04.01-19.18.48:679][  0]LogConfig: Setting CVar [[r.AmbientOcclusionLevels:-1]]
[2020.04.01-19.18.48:679][  0]LogConfig: Setting CVar [[r.AmbientOcclusionRadiusScale:1.0]]
[2020.04.01-19.18.48:679][  0]LogConfig: Setting CVar [[r.DepthOfFieldQuality:2]]
[2020.04.01-19.18.48:679][  0]LogConfig: Setting CVar [[r.RenderTargetPoolMin:400]]
[2020.04.01-19.18.48:679][  0]LogConfig: Setting CVar [[r.LensFlareQuality:2]]
[2020.04.01-19.18.48:679][  0]LogConfig: Setting CVar [[r.SceneColorFringeQuality:1]]
[2020.04.01-19.18.48:679][  0]LogConfig: Setting CVar [[r.EyeAdaptationQuality:2]]
[2020.04.01-19.18.48:679][  0]LogConfig: Setting CVar [[r.BloomQuality:5]]
[2020.04.01-19.18.48:679][  0]LogConfig: Setting CVar [[r.FastBlurThreshold:100]]
[2020.04.01-19.18.48:679][  0]LogConfig: Setting CVar [[r.Upscale.Quality:3]]
[2020.04.01-19.18.48:679][  0]LogConfig: Setting CVar [[r.Tonemapper.GrainQuantization:1]]
[2020.04.01-19.18.48:679][  0]LogConfig: Setting CVar [[r.LightShaftQuality:1]]
[2020.04.01-19.18.48:679][  0]LogConfig: Setting CVar [[r.Filter.SizeScale:1]]
[2020.04.01-19.18.48:679][  0]LogConfig: Setting CVar [[r.Tonemapper.Quality:5]]
[2020.04.01-19.18.48:679][  0]LogConfig: Setting CVar [[r.DOF.Gather.AccumulatorQuality:1        ; higher gathering accumulator quality]]
[2020.04.01-19.18.48:679][  0]LogConfig: Setting CVar [[r.DOF.Gather.PostfilterMethod:1          ; Median3x3 postfilering method]]
[2020.04.01-19.18.48:679][  0]LogConfig: Setting CVar [[r.DOF.Gather.EnableBokehSettings:0       ; no bokeh simulation when gathering]]
[2020.04.01-19.18.48:679][  0]LogConfig: Setting CVar [[r.DOF.Gather.RingCount:4                 ; medium number of samples when gathering]]
[2020.04.01-19.18.48:679][  0]LogConfig: Setting CVar [[r.DOF.Scatter.ForegroundCompositing:1    ; additive foreground scattering]]
[2020.04.01-19.18.48:679][  0]LogConfig: Setting CVar [[r.DOF.Scatter.BackgroundCompositing:2    ; additive background scattering]]
[2020.04.01-19.18.48:679][  0]LogConfig: Setting CVar [[r.DOF.Scatter.EnableBokehSettings:1      ; bokeh simulation when scattering]]
[2020.04.01-19.18.48:680][  0]LogConfig: Setting CVar [[r.DOF.Scatter.MaxSpriteRatio:0.1         ; only a maximum of 10% of scattered bokeh]]
[2020.04.01-19.18.48:680][  0]LogConfig: Setting CVar [[r.DOF.Recombine.Quality:1                ; cheap slight out of focus]]
[2020.04.01-19.18.48:680][  0]LogConfig: Setting CVar [[r.DOF.Recombine.EnableBokehSettings:0    ; no bokeh simulation on slight out of focus]]
[2020.04.01-19.18.48:680][  0]LogConfig: Setting CVar [[r.DOF.TemporalAAQuality:1                ; more stable temporal accumulation]]
[2020.04.01-19.18.48:680][  0]LogConfig: Setting CVar [[r.DOF.Kernel.MaxForegroundRadius:0.025]]
[2020.04.01-19.18.48:680][  0]LogConfig: Setting CVar [[r.DOF.Kernel.MaxBackgroundRadius:0.025]]
[2020.04.01-19.18.48:680][  0]LogConfig: Applying CVar settings from Section [TextureQuality@3] File [C:/Users/Jamie's/Documents/GitHub/Alien1916Repo/Alien1916MASTER/Saved/Config/Windows/Scalability.ini]
[2020.04.01-19.18.48:680][  0]LogConfig: Setting CVar [[r.Streaming.MipBias:0]]
[2020.04.01-19.18.48:680][  0]LogConfig: Setting CVar [[r.Streaming.AmortizeCPUToGPUCopy:0]]
[2020.04.01-19.18.48:680][  0]LogConfig: Setting CVar [[r.Streaming.MaxNumTexturesToStreamPerFrame:0]]
[2020.04.01-19.18.48:680][  0]LogConfig: Setting CVar [[r.Streaming.Boost:1]]
[2020.04.01-19.18.48:680][  0]LogConfig: Setting CVar [[r.MaxAnisotropy:8]]
[2020.04.01-19.18.48:680][  0]LogConfig: Setting CVar [[r.Streaming.LimitPoolSizeToVRAM:0]]
[2020.04.01-19.18.48:680][  0]LogConfig: Setting CVar [[r.Streaming.PoolSize:1000]]
[2020.04.01-19.18.48:680][  0]LogConfig: Setting CVar [[r.Streaming.MaxEffectiveScreenSize:0]]
[2020.04.01-19.18.48:680][  0]LogConfig: Applying CVar settings from Section [EffectsQuality@3] File [C:/Users/Jamie's/Documents/GitHub/Alien1916Repo/Alien1916MASTER/Saved/Config/Windows/Scalability.ini]
[2020.04.01-19.18.48:680][  0]LogConfig: Setting CVar [[r.TranslucencyLightingVolumeDim:64]]
[2020.04.01-19.18.48:680][  0]LogConfig: Setting CVar [[r.RefractionQuality:2]]
[2020.04.01-19.18.48:680][  0]LogConfig: Setting CVar [[r.SSR.Quality:3]]
[2020.04.01-19.18.48:680][  0]LogConfig: Setting CVar [[r.SceneColorFormat:4]]
[2020.04.01-19.18.48:680][  0]LogConfig: Setting CVar [[r.DetailMode:2]]
[2020.04.01-19.18.48:680][  0]LogConfig: Setting CVar [[r.TranslucencyVolumeBlur:1]]
[2020.04.01-19.18.48:680][  0]LogConfig: Setting CVar [[r.MaterialQualityLevel:1 ; High quality]]
[2020.04.01-19.18.48:680][  0]LogConfig: Setting CVar [[r.SSS.Scale:1]]
[2020.04.01-19.18.48:680][  0]LogConfig: Setting CVar [[r.SSS.SampleSet:2]]
[2020.04.01-19.18.48:680][  0]LogConfig: Setting CVar [[r.SSS.Quality:1]]
[2020.04.01-19.18.48:680][  0]LogConfig: Setting CVar [[r.SSS.HalfRes:1]]
[2020.04.01-19.18.48:680][  0]LogConfig: Setting CVar [[r.EmitterSpawnRateScale:1.0]]
[2020.04.01-19.18.48:680][  0]LogConfig: Setting CVar [[r.ParticleLightQuality:2]]
[2020.04.01-19.18.48:680][  0]LogConfig: Applying CVar settings from Section [FoliageQuality@3] File [C:/Users/Jamie's/Documents/GitHub/Alien1916Repo/Alien1916MASTER/Saved/Config/Windows/Scalability.ini]
[2020.04.01-19.18.48:680][  0]LogConfig: Setting CVar [[foliage.DensityScale:1.0]]
[2020.04.01-19.18.48:680][  0]LogConfig: Setting CVar [[grass.DensityScale:1.0]]
[2020.04.01-19.18.48:680][  0]LogConfig: Applying CVar settings from Section [Startup] File [../../../Engine/Config/ConsoleVariables.ini]
[2020.04.01-19.18.48:707][  0]LogConfig: Setting CVar [[net.UseAdaptiveNetUpdateFrequency:0]]
[2020.04.01-19.18.48:707][  0]LogConfig: Applying CVar settings from Section [ConsoleVariables] File [C:/Users/Jamie's/Documents/GitHub/Alien1916Repo/Alien1916MASTER/Saved/Config/Windows/Engine.ini]
[2020.04.01-19.18.48:750][  0]LogInit: Computer: JASON
[2020.04.01-19.18.48:750][  0]LogInit: User: Jamies
[2020.04.01-19.18.48:750][  0]LogInit: CPU Page size=4096, Cores=3
[2020.04.01-19.18.48:750][  0]LogInit: High frequency timer resolution =3.440827 MHz
[2020.04.01-19.18.48:753][  0]LogMemory: Memory total: Physical=8.0GB (8GB approx)
[2020.04.01-19.18.48:753][  0]LogMemory: Platform Memory Stats for Windows
[2020.04.01-19.18.48:753][  0]LogMemory: Process Physical Memory: 103.92 MB used, 103.92 MB peak
[2020.04.01-19.18.48:753][  0]LogMemory: Process Virtual Memory: 93.23 MB used, 93.23 MB peak
[2020.04.01-19.18.48:754][  0]LogMemory: Physical Memory: 4275.21 MB used,  3898.34 MB free, 8173.55 MB total
[2020.04.01-19.18.48:754][  0]LogMemory: Virtual Memory: 4646.47 MB used,  134213080.00 MB free, 134217728.00 MB total
[2020.04.01-19.18.49:648][  0]LogInit: Using OS detected language (en-US).
[2020.04.01-19.18.49:648][  0]LogInit: Using OS detected locale (en-GB).
[2020.04.01-19.18.49:707][  0]LogTextLocalizationManager: No specific localization for 'en-US' exists, so the 'en' localization will be used.
[2020.04.01-19.18.50:801][  0]LogStreaming: Display: Took  1.147s to InitEngineTextLocalization.
[2020.04.01-19.18.50:807][  0]LogInit: Setting process to per monitor DPI aware
[2020.04.01-19.18.51:310][  0]LogSlate: New Slate User Created.  User Index 0, Is Virtual User: 0
[2020.04.01-19.18.51:310][  0]LogSlate: Slate User Registered.  User Index 0, Is Virtual User: 0
[2020.04.01-19.18.59:936][  0]LogHMD: Failed to initialize OpenVR with code 110
[2020.04.01-19.18.59:936][  0]LogD3D11RHI: D3D11 adapters:
[2020.04.01-19.19.00:173][  0]LogD3D11RHI:    0. 'AMD Radeon (TM) R9 200 Series' (Feature Level 11_0)
[2020.04.01-19.19.00:173][  0]LogD3D11RHI:       2028/0/4086 MB DedicatedVideo/DedicatedSystem/SharedSystem, Outputs:1, VendorId:0x1002
[2020.04.01-19.19.00:177][  0]LogD3D11RHI:    1. 'Microsoft Basic Render Driver' (Feature Level 11_0)
[2020.04.01-19.19.00:177][  0]LogD3D11RHI:       0/0/4086 MB DedicatedVideo/DedicatedSystem/SharedSystem, Outputs:0, VendorId:0x1414
[2020.04.01-19.19.00:177][  0]LogD3D11RHI: Chosen D3D11 Adapter: 0
[2020.04.01-19.19.00:206][  0]LogD3D11RHI: Creating new Direct3DDevice
[2020.04.01-19.19.00:206][  0]LogD3D11RHI:     GPU DeviceId: 0x6811 (for the marketing name, search the web for "GPU Device Id")
[2020.04.01-19.19.00:206][  0]LogWindows: EnumDisplayDevices:
[2020.04.01-19.19.00:206][  0]LogWindows:    0. 'AMD Radeon (TM) R9 200 Series' (P:0 D:0)
[2020.04.01-19.19.00:217][  0]LogWindows:    1. 'AMD Radeon (TM) R9 200 Series' (P:1 D:1)
[2020.04.01-19.19.00:218][  0]LogWindows:    2. 'AMD Radeon (TM) R9 200 Series' (P:0 D:0)
[2020.04.01-19.19.00:219][  0]LogWindows:    3. 'AMD Radeon (TM) R9 200 Series' (P:0 D:0)
[2020.04.01-19.19.00:220][  0]LogWindows:    4. 'AMD Radeon (TM) R9 200 Series' (P:0 D:0)
[2020.04.01-19.19.00:220][  0]LogWindows:    5. 'AMD Radeon (TM) R9 200 Series' (P:0 D:0)
[2020.04.01-19.19.00:221][  0]LogWindows:    6. 'AMD Radeon (TM) R9 200 Series' (P:0 D:0)
[2020.04.01-19.19.00:222][  0]LogWindows:    7. 'AMD Radeon (TM) R9 200 Series' (P:0 D:0)
[2020.04.01-19.19.00:222][  0]LogWindows: DebugString: FoundDriverCount:8 
[2020.04.01-19.19.00:222][  0]LogD3D11RHI:     Adapter Name: AMD Radeon (TM) R9 200 Series
[2020.04.01-19.19.00:222][  0]LogD3D11RHI:   Driver Version: Adrenalin 2019 19.8.1 (internal:26.20.13001.29010, unified:26.20.13001.29010)
[2020.04.01-19.19.00:222][  0]LogD3D11RHI:      Driver Date: 8-8-2019
[2020.04.01-19.19.00:222][  0]LogRHI: Texture pool is 1419 MB (70% of 2028 MB)
[2020.04.01-19.19.00:453][  0]LogD3D11RHI: Async texture creation enabled
[2020.04.01-19.19.00:769][  0]LogD3D11RHI: GPU Timing Frequency: 27.000000 (Debug: 2 1)
[2020.04.01-19.19.02:108][  0]LogTemp: Display: Loaded TP AllDesktopTargetPlatform
[2020.04.01-19.19.02:143][  0]LogTemp: Display: Loaded TP MacClientTargetPlatform
[2020.04.01-19.19.02:166][  0]LogTemp: Display: Loaded TP MacNoEditorTargetPlatform
[2020.04.01-19.19.02:192][  0]LogTemp: Display: Loaded TP MacServerTargetPlatform
[2020.04.01-19.19.02:239][  0]LogTemp: Display: Loaded TP MacTargetPlatform
[2020.04.01-19.19.02:291][  0]LogTemp: Display: Loaded TP WindowsClientTargetPlatform
[2020.04.01-19.19.02:333][  0]LogTemp: Display: Loaded TP WindowsNoEditorTargetPlatform
[2020.04.01-19.19.02:362][  0]LogTemp: Display: Loaded TP WindowsServerTargetPlatform
[2020.04.01-19.19.02:380][  0]LogTemp: Display: Loaded TP WindowsTargetPlatform
[2020.04.01-19.19.02:545][  0]LogTemp: Display: Loaded TP AndroidTargetPlatform
[2020.04.01-19.19.02:546][  0]LogTemp: Display: Loaded TP AndroidTargetPlatform
[2020.04.01-19.19.02:546][  0]LogTemp: Display: Loaded TP AndroidTargetPlatform
[2020.04.01-19.19.02:546][  0]LogTemp: Display: Loaded TP AndroidTargetPlatform
[2020.04.01-19.19.02:546][  0]LogTemp: Display: Loaded TP AndroidTargetPlatform
[2020.04.01-19.19.02:546][  0]LogTemp: Display: Loaded TP AndroidTargetPlatform
[2020.04.01-19.19.02:546][  0]LogTemp: Display: Loaded TP AndroidTargetPlatform
[2020.04.01-19.19.02:546][  0]LogTemp: Display: Loaded TP AndroidTargetPlatform
[2020.04.01-19.19.02:546][  0]LogTemp: Display: Loaded TP AndroidTargetPlatform
[2020.04.01-19.19.02:546][  0]LogTemp: Display: Loaded TP AndroidTargetPlatform
[2020.04.01-19.19.02:546][  0]LogTemp: Display: Loaded TP AndroidTargetPlatform
[2020.04.01-19.19.02:546][  0]LogTemp: Display: Loaded TP AndroidTargetPlatform
[2020.04.01-19.19.02:546][  0]LogTemp: Display: Loaded TP AndroidTargetPlatform
[2020.04.01-19.19.02:546][  0]LogTemp: Display: Loaded TP AndroidTargetPlatform
[2020.04.01-19.19.02:546][  0]LogTemp: Display: Loaded TP AndroidTargetPlatform
[2020.04.01-19.19.02:546][  0]LogTemp: Display: Loaded TP AndroidTargetPlatform
[2020.04.01-19.19.02:546][  0]LogTemp: Display: Loaded TP AndroidTargetPlatform
[2020.04.01-19.19.02:546][  0]LogTemp: Display: Loaded TP AndroidTargetPlatform
[2020.04.01-19.19.02:573][  0]LogTemp: Display: Loaded TP HTML5TargetPlatform
[2020.04.01-19.19.02:710][  0]LogTemp: Display: Loaded TP IOSTargetPlatform
[2020.04.01-19.19.02:710][  0]LogTemp: Display: Loaded TP IOSTargetPlatform
[2020.04.01-19.19.02:764][  0]LogTemp: Display: Loaded TP TVOSTargetPlatform
[2020.04.01-19.19.02:764][  0]LogTemp: Display: Loaded TP TVOSTargetPlatform
[2020.04.01-19.19.02:794][  0]LogTemp: Display: Loaded TP LinuxClientTargetPlatform
[2020.04.01-19.19.02:818][  0]LogTemp: Display: Loaded TP LinuxNoEditorTargetPlatform
[2020.04.01-19.19.02:862][  0]LogTemp: Display: Loaded TP LinuxServerTargetPlatform
[2020.04.01-19.19.02:914][  0]LogTemp: Display: Loaded TP LinuxTargetPlatform
[2020.04.01-19.19.03:068][  0]LogTemp: Display: Loaded TP LuminTargetPlatform
[2020.04.01-19.19.03:068][  0]LogTemp: Display: Loaded TP LuminTargetPlatform
[2020.04.01-19.19.03:068][  0]LogTargetPlatformManager: Display: Building Assets For Windows
[2020.04.01-19.19.03:827][  0]LogShaderCompilers: Guid format shader working directory is -31 characters bigger than the processId version (../../../../../../Users/Jamie's/Documents/GitHub/Alien1916Repo/Alien1916MASTER/Intermediate/Shaders/WorkingDirectory/34192/).
[2020.04.01-19.19.03:827][  0]LogShaderCompilers: Cleaned the shader compiler working directory 'C:/Users/Jamie's/AppData/Local/Temp/UnrealShaderWorkingDir/A06240354E3744525C8A3589127663A2/'.
[2020.04.01-19.19.03:857][  0]LogXGEController: Cleaning working directory: C:/Users/Jamie's/AppData/Local/Temp/UnrealXGEWorkingDir/
[2020.04.01-19.19.03:857][  0]LogXGEController: Cannot use XGE Controller as Incredibuild is not installed on this machine.
[2020.04.01-19.19.03:857][  0]LogShaderCompilers: Cannot use XGE Shader Compiler as Incredibuild is not installed on this machine.
[2020.04.01-19.19.03:857][  0]LogShaderCompilers: Display: Using Local Shader Compiler.
[2020.04.01-19.19.10:388][  0]LogDerivedDataCache: Display: Max Cache Size: 512 MB
[2020.04.01-19.19.11:346][  0]LogDerivedDataCache: Loaded boot cache 0.96s 71MB C:/Users/Jamie's/AppData/Local/UnrealEngine/4.21/DerivedDataCache/Boot.ddc.
[2020.04.01-19.19.11:346][  0]LogDerivedDataCache: Display: Loaded Boot cache: C:/Users/Jamie's/AppData/Local/UnrealEngine/4.21/DerivedDataCache/Boot.ddc
[2020.04.01-19.19.11:346][  0]LogDerivedDataCache: FDerivedDataBackendGraph:  Pak pak cache file ../../../../../../Users/Jamie's/Documents/GitHub/Alien1916Repo/Alien1916MASTER/DerivedDataCache/DDC.ddp not found, will not use a pak cache.
[2020.04.01-19.19.11:347][  0]LogDerivedDataCache: Unable to find inner node Pak for hierarchical cache Hierarchy.
[2020.04.01-19.19.11:347][  0]LogDerivedDataCache: FDerivedDataBackendGraph:  CompressedPak pak cache file ../../../../../../Users/Jamie's/Documents/GitHub/Alien1916Repo/Alien1916MASTER/DerivedDataCache/Compressed.ddp not found, will not use a pak cache.
[2020.04.01-19.19.11:347][  0]LogDerivedDataCache: Unable to find inner node CompressedPak for hierarchical cache Hierarchy.
[2020.04.01-19.19.11:518][  0]LogDerivedDataCache: Display: Pak cache opened for reading ../../../Engine/DerivedDataCache/Compressed.ddp.
[2020.04.01-19.19.11:571][  0]LogDerivedDataCache: Display: Pak cache opened for reading ../../../Enterprise/DerivedDataCache/Compressed.ddp.
[2020.04.01-19.19.11:600][  0]LogDerivedDataCache: Using Local data cache path C:/Users/Jamie's/AppData/Local/UnrealEngine/Common/DerivedDataCache: Writable
[2020.04.01-19.19.11:600][  0]LogDerivedDataCache: Shared data cache path not found in *engine.ini, will not use an Shared cache.
[2020.04.01-19.19.11:600][  0]LogDerivedDataCache: Unable to find inner node Shared for hierarchical cache Hierarchy.
[2020.04.01-19.19.11:734][  0]LogMaterial: Verifying Global Shaders for PCD3D_SM5
[2020.04.01-19.19.11:808][  0]LogSlate: Using FreeType 2.6.0
[2020.04.01-19.19.11:934][  0]LogSlate: SlateFontServices - WITH_FREETYPE: 1, WITH_HARFBUZZ: 1
[2020.04.01-19.19.14:199][  0]LogAssetRegistry: FAssetRegistry took 0.0466 seconds to start up
[2020.04.01-19.19.22:044][  0]LogInit: Selected Device Profile: [Windows]
[2020.04.01-19.19.24:108][  0]LogSimplygon: Simplygon DLL not present - disabling.
[2020.04.01-19.19.24:203][  0]LogMeshReduction: Using SimplygonSwarm for distributed automatic mesh merging
[2020.04.01-19.19.24:203][  0]LogMeshReduction: Using ProxyLODMeshReduction for automatic mesh merging
[2020.04.01-19.19.24:216][  0]LogMeshReduction: Using QuadricMeshReduction for automatic static mesh reduction
[2020.04.01-19.19.24:216][  0]LogMeshReduction: No automatic skeletal mesh reduction module available
[2020.04.01-19.19.25:252][  0]LogNetVersion: Alien1916MASTER 1.0.0, NetCL: 4541578, EngineNetVer: 5, GameNetVer: 0 (Checksum: 709990158)
[2020.04.01-19.19.32:941][  0]LogPackageLocalizationCache: Processed 11 localized package path(s) for 2 prioritized culture(s) in 0.250853 seconds
[2020.04.01-19.19.32:993][  0]LogUObjectArray: 39775 objects as part of root set at end of initial load.
[2020.04.01-19.19.32:993][  0]LogUObjectAllocator: 6914656 out of 0 bytes used by permanent object pool.
[2020.04.01-19.19.32:993][  0]LogUObjectArray: CloseDisregardForGC: 0/0 objects in disregard for GC pool
[2020.04.01-19.19.56:696][  0]LogTcpMessaging: Initializing TcpMessaging bridge
[2020.04.01-19.19.56:730][  0]LogUdpMessaging: Initializing bridge on interface 0.0.0.0:0 to multicast group 230.0.0.1:6666.
[2020.04.01-19.20.18:772][  0]SourceControl: Source control is disabled
[2020.04.01-19.20.18:774][  0]SourceControl: Source control is disabled
[2020.04.01-19.20.18:865][  0]SourceControl: Source control is disabled
[2020.04.01-19.20.18:881][  0]SourceControl: Source control is disabled
[2020.04.01-19.20.20:386][  0]LogAndroidPermission: UAndroidPermissionCallbackProxy::GetInstance
[2020.04.01-19.20.20:683][  0]LogOcInput: OculusInput pre-init called
[2020.04.01-19.20.22:681][  0]LogEngine: Initializing Engine...
[2020.04.01-19.20.22:751][  0]LogHMD: Failed to initialize OpenVR with code 110
[2020.04.01-19.20.22:777][  0]LogStats: UGameplayTagsManager::ConstructGameplayTagTree: ImportINI prefixes -  0.000 s
[2020.04.01-19.20.22:777][  0]LogStats: UGameplayTagsManager::ConstructGameplayTagTree: Construct from data asset -  0.000 s
[2020.04.01-19.20.22:778][  0]LogStats: UGameplayTagsManager::ConstructGameplayTagTree: ImportINI -  0.001 s
[2020.04.01-19.20.22:778][  0]LogStats: UGameplayTagsManager::ConstructGameplayTagTree: GameplayTagTreeChangedEvent.Broadcast -  0.000 s
[2020.04.01-19.20.24:017][  0]LogInit: Initializing FReadOnlyCVARCache
[2020.04.01-19.20.24:561][  0]LogAIModule: Creating AISystem for world Untitled
[2020.04.01-19.20.24:928][  0]LogInit: XAudio2 using 'Realtek Digital Output (2- Realtek High Definition Audio)' : 2 channels at 48 kHz using 16 bits per sample (channel mask 0x3)
[2020.04.01-19.20.25:159][  0]LogInit: FAudioDevice initialized.
[2020.04.01-19.20.25:171][  0]LogNetVersion: Set ProjectVersion to 1.0.0.0. Version Checksum will be recalculated on next use.
[2020.04.01-19.20.25:468][  0]LogDerivedDataCache: Saved boot cache 0.30s 71MB C:/Users/Jamie's/AppData/Local/UnrealEngine/4.21/DerivedDataCache/Boot.ddc.
[2020.04.01-19.20.25:499][  0]LogInit: Texture streaming: Enabled
[2020.04.01-19.20.25:645][  0]LogEngineSessionManager: EngineSessionManager initialized
[2020.04.01-19.20.25:882][  0]LogInit: Transaction tracking system initialized
[2020.04.01-19.20.26:424][  0]BlueprintLog: New page: Editor Load
[2020.04.01-19.20.27:819][  0]LocalizationService: Localization service is disabled
[2020.04.01-19.20.32:727][  0]LogCook: Display: Max memory allowance for cook 16384mb min free memory 0mb
[2020.04.01-19.20.32:746][  0]LogCook: Display: Mobile HDR setting 1
[2020.04.01-19.20.32:749][  0]LogGameplayTags: Display: UGameplayTagsManager::DoneAddingNativeTags. DelegateIsBound: 0
[2020.04.01-19.20.32:749][  0]LogStats: UGameplayTagsManager::ConstructGameplayTagTree: ImportINI prefixes -  0.000 s
[2020.04.01-19.20.32:749][  0]LogStats: UGameplayTagsManager::ConstructGameplayTagTree: Construct from data asset -  0.000 s
[2020.04.01-19.20.32:750][  0]LogStats: UGameplayTagsManager::ConstructGameplayTagTree: ImportINI -  0.000 s
[2020.04.01-19.20.32:750][  0]LogStats: UGameplayTagsManager::ConstructGameplayTagTree: GameplayTagTreeChangedEvent.Broadcast -  0.000 s
[2020.04.01-19.20.32:840][  0]LogFileCache: Scanning file cache for directory 'C:/Users/Jamie's/Documents/GitHub/Alien1916Repo/Alien1916MASTER/Content/' took 0.21s
[2020.04.01-19.20.37:390][  0]SourceControl: Source control is disabled
[2020.04.01-19.20.37:493][  0]Cmd: MAP LOAD FILE="../../../../../../Users/Jamie's/Documents/GitHub/Alien1916Repo/Alien1916MASTER/Content/LevelFolder/Level1/FullLevelStreamed.umap" TEMPLATE=0 SHOWPROGRESS=1 FEATURELEVEL=3
[2020.04.01-19.20.37:858][  0]LightingResults: New page: Lighting Build
[2020.04.01-19.20.39:156][  0]MapCheck: New page: Map Check
[2020.04.01-19.20.39:156][  0]LightingResults: New page: Lighting Build
[2020.04.01-19.20.51:408][  0]LogAIModule: Creating AISystem for world FullLevelStreamed
[2020.04.01-19.20.52:038][  0]LogStreaming: Display: ULevelStreaming::RequestLevel(/Game/LevelFolder/Level1/Armory) is flushing async loading
[2020.04.01-19.20.52:038][  0]LogStreaming: Display: Flushing async loaders.
[2020.04.01-19.20.58:365][  0]LogStreaming: Display: ULevelStreaming::RequestLevel(/Game/LevelFolder/Level1/Barraks) is flushing async loading
[2020.04.01-19.21.00:588][  0]LogStreaming: Display: ULevelStreaming::RequestLevel(/Game/LevelFolder/Level1/Cafeteria) is flushing async loading
[2020.04.01-19.21.01:108][  0]LogStreaming: Display: ULevelStreaming::RequestLevel(/Game/LevelFolder/Level1/Corridor) is flushing async loading
[2020.04.01-19.21.01:395][  0]LogStreaming: Display: ULevelStreaming::RequestLevel(/Game/LevelFolder/Level1/StartingArea) is flushing async loading
[2020.04.01-19.21.04:892][  0]LogEditorServer: Finished looking for orphan Actors (0.009 secs)
[2020.04.01-19.21.05:519][  0]Cmd: MAP CHECKDEP NOCLEARLOG
[2020.04.01-19.21.05:534][  0]MapCheck: Map check complete: 0 Error(s), 0 Warning(s), took 10.695ms to complete.
[2020.04.01-19.21.05:540][  0]LogFileHelpers: Loading map 'FullLevelStreamed' took 28.125
[2020.04.01-19.21.07:833][  0]LogSlate: Updating window title bar state: overlay mode, drag disabled, window buttons hidden, title bar hidden
[2020.04.01-19.21.07:876][  0]LogSlate: Updating window title bar state: overlay mode, drag disabled, window buttons hidden, title bar hidden
[2020.04.01-19.21.07:893][  0]LogSlate: Updating window title bar state: overlay mode, drag disabled, window buttons hidden, title bar hidden
[2020.04.01-19.21.07:909][  0]LogSlate: Updating window title bar state: overlay mode, drag disabled, window buttons hidden, title bar hidden
[2020.04.01-19.21.08:020][  0]LogCollectionManager: Loaded 0 collections in 0.005656 seconds
[2020.04.01-19.21.08:177][  0]LogFileCache: Scanning file cache for directory 'C:/Users/Jamie's/Documents/GitHub/Alien1916Repo/Alien1916MASTER/Saved/Collections/' took 0.01s
[2020.04.01-19.21.08:177][  0]LogFileCache: Scanning file cache for directory 'C:/Users/Jamie's/Documents/GitHub/Alien1916Repo/Alien1916MASTER/Content/Developers/Jamies/Collections/' took 0.00s
[2020.04.01-19.21.08:177][  0]LogFileCache: Scanning file cache for directory 'C:/Users/Jamie's/Documents/GitHub/Alien1916Repo/Alien1916MASTER/Content/Collections/' took 0.00s
[2020.04.01-19.21.08:177][  0]LogCollectionManager: Rebuilt the GUID cache for 0 collections in 0.000000 seconds
[2020.04.01-19.21.08:229][  0]LogContentBrowser: Native class hierarchy populated in 0.0281 seconds. Added 2660 classes and 625 folders.
[2020.04.01-19.21.08:445][  0]LogContentBrowser: Native class hierarchy updated for 'WidgetCarousel' in 0.0003 seconds. Added 0 classes and 0 folders.
[2020.04.01-19.21.08:518][  0]LogPakFile: Registered encryption key '00000000000000000000000000000000': 0 pak files mounted, 0 remain pending
[2020.04.01-19.21.08:579][  0]LogPakFile: Registered encryption key '00000000000000000000000000000000': 0 pak files mounted, 0 remain pending
[2020.04.01-19.21.08:639][  0]LogPakFile: Registered encryption key '00000000000000000000000000000000': 0 pak files mounted, 0 remain pending
[2020.04.01-19.21.08:671][  0]LogPakFile: Registered encryption key '00000000000000000000000000000000': 0 pak files mounted, 0 remain pending
[2020.04.01-19.21.08:684][  0]LogPakFile: Registered encryption key '00000000000000000000000000000000': 0 pak files mounted, 0 remain pending
[2020.04.01-19.21.08:698][  0]LogPakFile: Registered encryption key '00000000000000000000000000000000': 0 pak files mounted, 0 remain pending
[2020.04.01-19.21.08:717][  0]LogPakFile: Registered encryption key '00000000000000000000000000000000': 0 pak files mounted, 0 remain pending
[2020.04.01-19.21.08:736][  0]LogPakFile: Registered encryption key '00000000000000000000000000000000': 0 pak files mounted, 0 remain pending
[2020.04.01-19.21.08:750][  0]LogPakFile: Registered encryption key '00000000000000000000000000000000': 0 pak files mounted, 0 remain pending
[2020.04.01-19.21.08:763][  0]LogPakFile: Registered encryption key '00000000000000000000000000000000': 0 pak files mounted, 0 remain pending
[2020.04.01-19.21.08:784][  0]LogPakFile: Registered encryption key '00000000000000000000000000000000': 0 pak files mounted, 0 remain pending
[2020.04.01-19.21.08:854][  0]LogPakFile: Registered encryption key '00000000000000000000000000000000': 0 pak files mounted, 0 remain pending
[2020.04.01-19.21.08:889][  0]LogPakFile: Registered encryption key '00000000000000000000000000000000': 0 pak files mounted, 0 remain pending
[2020.04.01-19.21.08:921][  0]LogPakFile: Registered encryption key '00000000000000000000000000000000': 0 pak files mounted, 0 remain pending
[2020.04.01-19.21.08:954][  0]LogPakFile: Registered encryption key '00000000000000000000000000000000': 0 pak files mounted, 0 remain pending
[2020.04.01-19.21.08:985][  0]LogPakFile: Registered encryption key '00000000000000000000000000000000': 0 pak files mounted, 0 remain pending
[2020.04.01-19.21.09:053][  0]LogPakFile: Registered encryption key '00000000000000000000000000000000': 0 pak files mounted, 0 remain pending
[2020.04.01-19.21.09:118][  0]LogPakFile: Registered encryption key '00000000000000000000000000000000': 0 pak files mounted, 0 remain pending
[2020.04.01-19.21.09:146][  0]LogPakFile: Registered encryption key '00000000000000000000000000000000': 0 pak files mounted, 0 remain pending
[2020.04.01-19.21.09:182][  0]LogPakFile: Registered encryption key '00000000000000000000000000000000': 0 pak files mounted, 0 remain pending
[2020.04.01-19.21.09:261][  0]LogPakFile: Registered encryption key '00000000000000000000000000000000': 0 pak files mounted, 0 remain pending
[2020.04.01-19.21.09:276][  0]LogPakFile: Registered encryption key '00000000000000000000000000000000': 0 pak files mounted, 0 remain pending
[2020.04.01-19.21.09:295][  0]LogPakFile: Registered encryption key '00000000000000000000000000000000': 0 pak files mounted, 0 remain pending
[2020.04.01-19.21.09:313][  0]LogPakFile: Registered encryption key '00000000000000000000000000000000': 0 pak files mounted, 0 remain pending
[2020.04.01-19.21.09:355][  0]LogPakFile: Registered encryption key '00000000000000000000000000000000': 0 pak files mounted, 0 remain pending
[2020.04.01-19.21.09:380][  0]LogPakFile: Registered encryption key '00000000000000000000000000000000': 0 pak files mounted, 0 remain pending
[2020.04.01-19.21.09:435][  0]LogPakFile: Registered encryption key '00000000000000000000000000000000': 0 pak files mounted, 0 remain pending
[2020.04.01-19.21.09:466][  0]LogPakFile: Registered encryption key '00000000000000000000000000000000': 0 pak files mounted, 0 remain pending
[2020.04.01-19.21.11:187][  0]LogContentBrowser: Native class hierarchy updated for 'AddContentDialog' in 0.0004 seconds. Added 0 classes and 0 folders.
[2020.04.01-19.21.11:235][  0]LogContentBrowser: Native class hierarchy updated for 'SceneOutliner' in 0.0004 seconds. Added 1 classes and 2 folders.
[2020.04.01-19.21.12:481][  0]LogSlate: Took 0.022052 seconds to synchronously load lazily loaded font '../../../Engine/Content/Slate/Fonts/Roboto-Regular.ttf' (155K)
[2020.04.01-19.21.12:519][  0]LogSlate: Took 0.019563 seconds to synchronously load lazily loaded font '../../../Engine/Content/Slate/Fonts/Roboto-Bold.ttf' (160K)
[2020.04.01-19.21.12:601][  0]LogSlate: Took 0.054855 seconds to synchronously load lazily loaded font '../../../Engine/Content/Editor/Slate/Fonts/FontAwesome.ttf' (139K)
[2020.04.01-19.21.13:237][  0]LogRenderer: Reallocating scene render targets to support 1300x664 Format 10 NumSamples 1 (Frame:1).
[2020.04.01-19.21.14:285][  0]LogContentBrowser: Native class hierarchy updated for 'HierarchicalLODOutliner' in 0.0004 seconds. Added 0 classes and 0 folders.
[2020.04.01-19.21.14:285][  0]LogLoad: (Engine Initialization) Total time: 174.32 seconds
[2020.04.01-19.21.14:285][  0]LogLoad: (Engine Initialization) Total Blueprint compile time: 0.00 seconds
[2020.04.01-19.21.15:024][  0]LogContentStreaming: Texture pool size now 1000 MB
[2020.04.01-19.21.15:598][  0]LogSlate: Took 0.035641 seconds to synchronously load lazily loaded font '../../../Engine/Content/Slate/Fonts/Roboto-Light.ttf' (167K)
[2020.04.01-19.21.16:063][  1]LogFileCache: Retrieving MD5 hashes for directory 'C:/Users/Jamie's/Documents/GitHub/Alien1916Repo/Alien1916MASTER/Content/' took 1.65s
[2020.04.01-19.21.17:537][  7]LogAssetRegistry: Asset discovery search completed in 123.3624 seconds
[2020.04.01-19.21.17:643][  7]LogCollectionManager: Rebuilt the object cache for 0 collections in 0.000001 seconds (found 0 objects)
[2020.04.01-19.21.17:643][  7]LogCollectionManager: Fixed up redirectors for 0 collections in 0.016102 seconds (updated 0 objects)
[2020.04.01-20.13.58:866][146]LogSlate: FSceneViewport::OnFocusLost() reason 0
[2020.04.01-21.37.25:143][288]LogHttp: Warning: 0000014A29DB9580: request failed, libcurl error: 6 (Couldn't resolve host name)
[2020.04.01-21.37.25:144][288]LogHttp: Warning: 0000014A29DB9580: libcurl info message cache 0 (Connection 46 seems to be dead!)
[2020.04.01-21.37.25:144][288]LogHttp: Warning: 0000014A29DB9580: libcurl info message cache 1 (Closing connection 46)
[2020.04.01-21.37.25:144][288]LogHttp: Warning: 0000014A29DB9580: libcurl info message cache 2 (TLSv1.2 (OUT), TLS alert, Client hello (1):)
[2020.04.01-21.37.25:144][288]LogHttp: Warning: 0000014A29DB9580: libcurl info message cache 3 (Could not resolve host: datarouter.ol.epicgames.com)
[2020.04.01-21.37.25:144][288]LogHttp: Warning: 0000014A29DB9580: libcurl info message cache 4 (Closing connection 47)
[2020.04.01-21.37.25:144][288]LogHttp: Warning: Retry exhausted on https://datarouter.ol.epicgames.com/datarouter/api/v1/public/data?SessionID=%7B5C429AC0-4B74-A4E7-AC86-50BFFE41FBDD%7D&AppID=UEEditor.Rocket.Release&AppVersion=4.21.2-4753647%2B%2B%2BUE4%2BRelease-4.21&UserID=985a2e6a47850cc5675204904f24c932%7Cbbc3cfc0b0a74cc59eb233d7ea295b9e%7Cde82e340-2c88-4ed1-8b79-87d62a2546f8&AppEnvironment=datacollector-binary&UploadType=eteventstream
[2020.04.01-21.39.36:581][680]LogHttp: Warning: 0000014A29DB9580: request failed, libcurl error: 6 (Couldn't resolve host name)
[2020.04.01-21.39.36:581][680]LogHttp: Warning: 0000014A29DB9580: libcurl info message cache 0 (Could not resolve host: datarouter.ol.epicgames.com)
[2020.04.01-21.39.36:581][680]LogHttp: Warning: 0000014A29DB9580: libcurl info message cache 1 (Closing connection 48)
[2020.04.01-21.39.36:582][680]LogHttp: Warning: Retry exhausted on https://datarouter.ol.epicgames.com/datarouter/api/v1/public/data?SessionID=%7B5C429AC0-4B74-A4E7-AC86-50BFFE41FBDD%7D&AppID=UEEditor.Rocket.Release&AppVersion=4.21.2-4753647%2B%2B%2BUE4%2BRelease-4.21&UserID=985a2e6a47850cc5675204904f24c932%7Cbbc3cfc0b0a74cc59eb233d7ea295b9e%7Cde82e340-2c88-4ed1-8b79-87d62a2546f8&AppEnvironment=datacollector-binary&UploadType=eteventstream
[2020.04.02-02.50.17:445][387]LogSlate: Took 0.000673 seconds to synchronously load lazily loaded font '../../../Engine/Content/Slate/Fonts/Roboto-Light.ttf' (167K)
[2020.04.02-02.50.17:503][387]LogAssetEditorManager: Opening Asset editor for World /Game/LevelFolder/Level1/Armory.Armory
[2020.04.02-02.50.17:653][387]Cmd: MAP LOAD FILE="../../../../../../Users/Jamie's/Documents/GitHub/Alien1916Repo/Alien1916MASTER/Content/LevelFolder/Level1/Armory.umap" TEMPLATE=0 SHOWPROGRESS=1 FEATURELEVEL=3
[2020.04.02-02.50.17:656][387]LightingResults: New page: Lighting Build
[2020.04.02-02.50.17:660][387]LoadErrors: New page: Loading map: Armory.umap
[2020.04.02-02.50.18:009][387]MapCheck: New page: Map Check
[2020.04.02-02.50.18:009][387]LightingResults: New page: Lighting Build
[2020.04.02-02.50.18:292][387]LogAIModule: Creating AISystem for world Armory
[2020.04.02-02.50.18:670][387]LogEditorServer: Finished looking for orphan Actors (0.000 secs)
[2020.04.02-02.50.18:866][387]Cmd: MAP CHECKDEP NOCLEARLOG
[2020.04.02-02.50.18:867][387]MapCheck: Map check complete: 0 Error(s), 0 Warning(s), took 0.414ms to complete.
[2020.04.02-02.50.18:871][387]LogFileHelpers: Loading map 'Armory' took 1.256
[2020.04.02-02.50.31:186][523]LogSlate: FSceneViewport::OnFocusLost() reason 0
[2020.04.02-02.50.56:311][160]LogSlate: FSceneViewport::OnFocusLost() reason 0
[2020.04.02-02.51.04:319][960]LogSlate: FSceneViewport::OnFocusLost() reason 0
[2020.04.02-02.52.08:109][663]LogEditorViewport: Clicking on Actor (LMB): StaticMeshActor (level section upper)
[2020.04.02-02.52.09:098][714]LogEditorViewport: Clicking on Actor (CTRL LMB): StaticMeshActor (level section upper8)
[2020.04.02-02.52.11:113][882]LogEditorViewport: Clicking on Actor (CTRL LMB): StaticMeshActor (level section upper2)
[2020.04.02-02.52.12:609][  5]LogEditorViewport: Clicking on Actor (CTRL LMB): StaticMeshActor (level section upper5)
[2020.04.02-02.52.13:931][110]LogEditorViewport: Clicking on Actor (CTRL LMB): StaticMeshActor (level section upper)
[2020.04.02-02.52.15:021][200]Cmd: DELETE
[2020.04.02-02.52.15:021][200]Cmd: ACTOR DELETE
[2020.04.02-02.52.15:285][200]LogSlate: FSceneViewport::OnFocusLost() reason 2
[2020.04.02-02.52.15:392][200]LogAIModule: Creating AISystem for world FullLevelStreamed
[2020.04.02-02.52.15:475][200]LogEditorActor: Deleted Actor: StaticMeshActor
[2020.04.02-02.52.15:476][200]LogEditorActor: Deleted Actor: StaticMeshActor
[2020.04.02-02.52.15:476][200]LogEditorActor: Deleted Actor: StaticMeshActor
[2020.04.02-02.52.15:476][200]LogEditorActor: Deleted Actor: StaticMeshActor
[2020.04.02-02.52.15:476][200]LogEditorActor: Deleted Actor: StaticMeshActor
[2020.04.02-02.52.15:557][200]LogEditorActor: Deleted 5 Actors (0.318 secs)
[2020.04.02-02.52.20:149][677]Cmd: TRANSACTION UNDO
[2020.04.02-02.52.20:149][677]LogEditorTransaction: Undo Move Actors
[2020.04.02-02.52.22:503][829]Cmd: TRANSACTION UNDO
[2020.04.02-02.52.22:504][829]LogEditorTransaction: Undo Delete Actors
[2020.04.02-02.52.25:680][ 33]Cmd: DELETE
[2020.04.02-02.52.25:680][ 33]Cmd: ACTOR DELETE
[2020.04.02-02.52.25:732][ 33]LogEditorActor: Deleted Actor: StaticMeshActor
[2020.04.02-02.52.25:732][ 33]LogEditorActor: Deleted Actor: StaticMeshActor
[2020.04.02-02.52.25:733][ 33]LogEditorActor: Deleted Actor: StaticMeshActor
[2020.04.02-02.52.25:734][ 33]LogEditorActor: Deleted Actor: StaticMeshActor
[2020.04.02-02.52.25:734][ 33]LogEditorActor: Deleted Actor: StaticMeshActor
[2020.04.02-02.52.25:811][ 33]LogEditorActor: Deleted 5 Actors (0.130 secs)
[2020.04.02-02.52.43:267][831]LogEditorViewport: Clicking on Actor (LMB): StaticMeshActor (Wall2x673)
[2020.04.02-02.52.43:966][870]LogEditorViewport: Clicking on Actor (CTRL LMB): StaticMeshActor (Wall2x674)
[2020.04.02-02.53.18:160][663]Cmd: TRANSACTION UNDO
[2020.04.02-02.53.18:160][663]LogEditorTransaction: Undo Move Actors
[2020.04.02-02.53.30:641][626]LogEditorViewport: Clicking on Actor (context menu): StaticMeshActor (Wall2x693)
[2020.04.02-02.53.30:749][626]LogSlate: FSceneViewport::OnFocusLost() reason 2
[2020.04.02-02.53.34:203][876]Cmd: ACTOR BAKEPREPIVOT
[2020.04.02-02.53.55:762][546]LogEditorViewport: Clicking on Actor (LMB): StaticMeshActor (Wall2x712)
[2020.04.02-02.53.56:676][618]Cmd: DELETE
[2020.04.02-02.53.56:676][618]Cmd: ACTOR DELETE
[2020.04.02-02.53.56:734][618]LogEditorActor: Deleted Actor: StaticMeshActor
[2020.04.02-02.53.56:813][618]LogEditorActor: Deleted 1 Actors (0.137 secs)
[2020.04.02-02.54.10:391][ 44]LogEditorViewport: Clicking on Actor (LMB): StaticMeshActor (Cube64)
[2020.04.02-02.54.35:250][136]LogEditorViewport: Clicking on Actor (LMB): TextRenderActor (Text19)
[2020.04.02-02.54.37:740][292]LogSlate: FSceneViewport::OnFocusLost() reason 0
[2020.04.02-02.54.44:411][695]LogEditorViewport: Clicking on Actor (LMB): StaticMeshActor (Floor4x182)
[2020.04.02-02.54.49:921][138]LogSlate: FSceneViewport::OnFocusLost() reason 0
[2020.04.02-02.55.23:257][466]LogEditorViewport: Clicking on Actor (LMB): StaticMeshActor (Wall2x435)
[2020.04.02-02.55.55:855][106]Cmd: TRANSACTION UNDO
[2020.04.02-02.55.55:855][106]LogEditorTransaction: Undo Move Actors
[2020.04.02-02.56.03:635][718]LogEditorViewport: Clicking on Actor (LMB): StaticMeshActor (Wall2x456)
[2020.04.02-02.56.04:890][803]LogEditorViewport: Clicking on Actor (LMB): StaticMeshActor (Wall2x627)
[2020.04.02-02.56.05:346][832]Cmd: TRANSACTION UNDO
[2020.04.02-02.56.05:346][832]LogEditorTransaction: Undo Clicking on Actors
[2020.04.02-02.56.06:858][942]LogEditorViewport: Clicking on Actor (LMB): StaticMeshActor (Wall2x627)
[2020.04.02-02.56.07:377][979]Cmd: TRANSACTION UNDO
[2020.04.02-02.56.07:377][979]LogEditorTransaction: Undo Clicking on Actors
[2020.04.02-02.56.07:902][ 15]Cmd: TRANSACTION UNDO
[2020.04.02-02.56.07:902][ 15]LogEditorTransaction: Undo Clicking on Actors
[2020.04.02-02.56.08:272][ 41]Cmd: TRANSACTION UNDO
[2020.04.02-02.56.08:273][ 41]LogEditorTransaction: Undo Scale Actors
[2020.04.02-02.56.11:099][238]LogSlate: FSceneViewport::OnFocusLost() reason 0
[2020.04.02-02.56.11:139][242]Cmd: MODE SCALEGRID=1
[2020.04.02-02.56.11:563][271]Cmd: MODE SCALEGRID=0
[2020.04.02-02.56.16:609][703]Cmd: TRANSACTION UNDO
[2020.04.02-02.56.16:609][703]LogEditorTransaction: Undo Scale Actors
[2020.04.02-02.56.17:872][795]LogSlate: FSceneViewport::OnFocusLost() reason 0
[2020.04.02-02.56.17:931][801]Cmd: MODE SCALEGRID=1
[2020.04.02-02.56.18:415][834]Cmd: MODE SCALEGRID=0
[2020.04.02-02.56.23:455][249]Cmd: TRANSACTION UNDO
[2020.04.02-02.56.23:455][249]LogEditorTransaction: Undo Scale Actors
[2020.04.02-02.56.25:391][397]LogSlate: FSceneViewport::OnFocusLost() reason 0
[2020.04.02-02.56.25:429][401]Cmd: MODE SCALEGRID=1
[2020.04.02-02.56.26:043][445]Cmd: MODE SCALEGRID=0
[2020.04.02-02.56.28:989][688]LogSlate: FSceneViewport::OnFocusLost() reason 0
[2020.04.02-02.56.29:042][694]Cmd: MODE SCALEGRID=1
[2020.04.02-02.56.29:395][722]Cmd: MODE SCALEGRID=0
[2020.04.02-02.56.29:865][759]Cmd: MODE SCALEGRID=1
[2020.04.02-02.56.32:350][980]LogEditorViewport: Clicking on Actor (LMB): StaticMeshActor (Floor4x204)
[2020.04.02-02.57.13:954][536]LogEditorViewport: Clicking on Actor (LMB): BP_Soldier_AB_C (BP_Soldier_AB)
[2020.04.02-02.57.16:261][698]LogEditorViewport: Clicking on Actor (LMB): BP_PatrolPoint_AB_C (BP_PatrolPoint_AB)
[2020.04.02-02.57.21:306][ 80]LogEditorViewport: Clicking on Actor (LMB): BP_Soldier_AB_C (BP_Soldier_AB)
[2020.04.02-02.57.41:539][553]LogSlate: FSceneViewport::OnFocusLost() reason 0
[2020.04.02-02.57.43:807][556]LogSavePackage: Moving '../../../../../../Users/Jamie's/Documents/GitHub/Alien1916Repo/Alien1916MASTER/Saved/Armory0E5399424A0CB1A110EFC985DF882230.tmp' to '../../../../../../Users/Jamie's/Documents/GitHub/Alien1916Repo/Alien1916MASTER/Content/LevelFolder/Level1/Armory.umap'
[2020.04.02-02.57.47:332][795]LogSlate: FSceneViewport::OnFocusLost() reason 0
[2020.04.02-02.57.47:704][800]LogSlate: Window 'Alien1916MASTER - Unreal Editor' being destroyed
[2020.04.02-02.57.47:711][800]LogWindowsTextInputMethodSystem: Display: IME system now deactivated.
[2020.04.02-02.57.48:281][801]Cmd: QUIT_EDITOR
[2020.04.02-02.57.48:659][801]LogExit: Preparing to exit.
[2020.04.02-02.57.49:586][801]LogExit: Editor shut down
[2020.04.02-02.57.49:587][801]LogExit: Transaction tracking system shut down
[2020.04.02-02.57.51:774][801]LogExit: Object subsystem successfully closed.
[2020.04.02-02.57.52:054][801]LogShaderCompilers: Display: Shaders left to compile 0
[2020.04.02-02.57.52:089][801]LogD3D11RHI: Shutdown
[2020.04.02-02.57.52:089][801]LogD3D11RHI: CleanupD3DDevice
[2020.04.02-02.57.52:436][801]LogD3D11RHI: ~FD3D11DynamicRHI
[2020.04.02-02.57.54:083][801]LogModuleManager: Shutting down and abandoning module HierarchicalLODOutliner (626)
[2020.04.02-02.57.54:083][801]LogModuleManager: Shutting down and abandoning module SceneOutliner (624)
[2020.04.02-02.57.54:090][801]LogModuleManager: Shutting down and abandoning module AddContentDialog (622)
[2020.04.02-02.57.54:111][801]LogModuleManager: Shutting down and abandoning module WidgetCarousel (621)
[2020.04.02-02.57.54:112][801]LogModuleManager: Shutting down and abandoning module EditorWidgets (618)
[2020.04.02-02.57.54:112][801]LogModuleManager: Shutting down and abandoning module CollectionManager (616)
[2020.04.02-02.57.54:130][801]LogModuleManager: Shutting down and abandoning module StatsViewer (614)
[2020.04.02-02.57.54:147][801]LogModuleManager: Shutting down and abandoning module FoliageEdit (612)
[2020.04.02-02.57.54:147][801]LogModuleManager: Shutting down and abandoning module LandscapeEditor (610)
[2020.04.02-02.57.54:177][801]LogModuleManager: Shutting down and abandoning module MeshPaintMode (608)
[2020.04.02-02.57.54:185][801]LogModuleManager: Shutting down and abandoning module SceneDepthPickerMode (606)
[2020.04.02-02.57.54:185][801]LogModuleManager: Shutting down and abandoning module ActorPickerMode (604)
[2020.04.02-02.57.54:185][801]LogModuleManager: Shutting down and abandoning module GeometryMode (602)
[2020.04.02-02.57.54:185][801]LogModuleManager: Shutting down and abandoning module TextureAlignMode (600)
[2020.04.02-02.57.54:185][801]LogModuleManager: Shutting down and abandoning module BspMode (598)
[2020.04.02-02.57.54:185][801]LogModuleManager: Shutting down and abandoning module PIEPreviewDeviceProfileSelector (596)
[2020.04.02-02.57.54:195][801]LogModuleManager: Shutting down and abandoning module SequenceRecorderSections (594)
[2020.04.02-02.57.54:207][801]LogModuleManager: Shutting down and abandoning module AutomationWorker (592)
[2020.04.02-02.57.54:208][801]LogModuleManager: Shutting down and abandoning module AudioCaptureEditor (590)
[2020.04.02-02.57.54:208][801]LogModuleManager: Shutting down and abandoning module MatineeToLevelSequence (588)
[2020.04.02-02.57.54:208][801]LogModuleManager: Shutting down and abandoning module LevelSequenceEditor (586)
[2020.04.02-02.57.54:251][801]LogModuleManager: Shutting down and abandoning module PlacementMode (585)
[2020.04.02-02.57.54:251][801]LogModuleManager: Shutting down and abandoning module MaterialEditor (584)
[2020.04.02-02.57.54:290][801]LogModuleManager: Shutting down and abandoning module WmfMediaFactory (580)
[2020.04.02-02.57.54:290][801]LogModuleManager: Shutting down and abandoning module WmfMediaEditor (578)
[2020.04.02-02.57.54:290][801]LogModuleManager: Shutting down and abandoning module WebMMediaFactory (576)
[2020.04.02-02.57.54:290][801]LogModuleManager: Shutting down and abandoning module WebMMediaEditor (574)
[2020.04.02-02.57.54:290][801]LogModuleManager: Shutting down and abandoning module WebMMedia (572)
[2020.04.02-02.57.54:297][801]LogModuleManager: Shutting down and abandoning module MediaPlayerEditor (570)
[2020.04.02-02.57.54:313][801]LogModuleManager: Shutting down and abandoning module MediaCompositingEditor (568)
[2020.04.02-02.57.54:341][801]LogModuleManager: Shutting down and abandoning module SequenceRecorder (567)
[2020.04.02-02.57.54:342][801]LogModuleManager: Shutting down and abandoning module OpenExrWrapper (564)
[2020.04.02-02.57.54:342][801]LogModuleManager: Shutting down and abandoning module ImgMediaFactory (562)
[2020.04.02-02.57.54:342][801]LogModuleManager: Shutting down and abandoning module ImgMediaEditor (560)
[2020.04.02-02.57.54:342][801]LogModuleManager: Shutting down and abandoning module AvfMediaFactory (558)
[2020.04.02-02.57.54:342][801]LogModuleManager: Shutting down and abandoning module AvfMediaEditor (556)
[2020.04.02-02.57.54:342][801]LogModuleManager: Shutting down and abandoning module AndroidMediaFactory (554)
[2020.04.02-02.57.54:342][801]LogModuleManager: Shutting down and abandoning module AndroidMediaEditor (552)
[2020.04.02-02.57.54:342][801]LogModuleManager: Shutting down and abandoning module MagicLeapCameraPreviewFactory (550)
[2020.04.02-02.57.54:342][801]LogModuleManager: Shutting down and abandoning module MagicLeapMediaFactory (548)
[2020.04.02-02.57.54:342][801]LogModuleManager: Shutting down and abandoning module MagicLeapMediaEditor (546)
[2020.04.02-02.57.54:342][801]LogModuleManager: Shutting down and abandoning module CharacterAI (544)
[2020.04.02-02.57.54:342][801]LogModuleManager: Shutting down and abandoning module SmartSnapping (542)
[2020.04.02-02.57.54:342][801]LogModuleManager: Shutting down and abandoning module SessionServices (540)
[2020.04.02-02.57.54:342][801]LogModuleManager: Shutting down and abandoning module ViewportSnapping (538)
[2020.04.02-02.57.54:342][801]LogModuleManager: Shutting down and abandoning module ViewportInteraction (536)
[2020.04.02-02.57.54:342][801]LogModuleManager: Shutting down and abandoning module ClothPainter (534)
[2020.04.02-02.57.54:368][801]LogModuleManager: Shutting down and abandoning module SkeletalMeshEditor (533)
[2020.04.02-02.57.54:385][801]LogModuleManager: Shutting down and abandoning module LogVisualizer (530)
[2020.04.02-02.57.54:403][801]LogModuleManager: Shutting down and abandoning module IntroTutorials (528)
[2020.04.02-02.57.54:427][801]LogModuleManager: Shutting down and abandoning module GameProjectGeneration (527)
[2020.04.02-02.57.54:433][801]LogModuleManager: Shutting down and abandoning module LuminPlatformEditor (524)
[2020.04.02-02.57.54:433][801]LogModuleManager: Shutting down and abandoning module IOSPlatformEditor (522)
[2020.04.02-02.57.54:433][801]LogModuleManager: Shutting down and abandoning module HTML5PlatformEditor (520)
[2020.04.02-02.57.54:433][801]LogModuleManager: Shutting down and abandoning module AndroidPlatformEditor (518)
[2020.04.02-02.57.54:433][801]LogModuleManager: Shutting down and abandoning module AndroidDeviceDetection (517)
[2020.04.02-02.57.55:551][801]LogModuleManager: Shutting down and abandoning module WindowsPlatformEditor (514)
[2020.04.02-02.57.55:551][801]LogModuleManager: Shutting down and abandoning module LuminRuntimeSettings (512)
[2020.04.02-02.57.55:551][801]LogModuleManager: Shutting down and abandoning module IOSRuntimeSettings (510)
[2020.04.02-02.57.55:551][801]LogModuleManager: Shutting down and abandoning module AndroidRuntimeSettings (508)
[2020.04.02-02.57.55:551][801]LogModuleManager: Shutting down and abandoning module TimeManagementEditor (506)
[2020.04.02-02.57.55:551][801]LogModuleManager: Shutting down and abandoning module InputBindingEditor (504)
[2020.04.02-02.57.55:562][801]LogModuleManager: Shutting down and abandoning module MergeActors (502)
[2020.04.02-02.57.55:573][801]LogModuleManager: Shutting down and abandoning module LocalizationDashboard (500)
[2020.04.02-02.57.55:582][801]LogModuleManager: Shutting down and abandoning module LocalizationService (499)
[2020.04.02-02.57.55:593][801]LogModuleManager: Shutting down and abandoning module HardwareTargeting (496)
[2020.04.02-02.57.55:593][801]LogModuleManager: Shutting down and abandoning module DeviceProfileEditor (494)
[2020.04.02-02.57.55:604][801]LogModuleManager: Shutting down and abandoning module UndoHistory (492)
[2020.04.02-02.57.55:614][801]LogModuleManager: Shutting down and abandoning module XmlParser (490)
[2020.04.02-02.57.55:614][801]LogModuleManager: Shutting down and abandoning module Blutility (488)
[2020.04.02-02.57.55:614][801]LogModuleManager: Shutting down and abandoning module ProjectSettingsViewer (486)
[2020.04.02-02.57.55:614][801]LogModuleManager: Shutting down and abandoning module ProjectTargetPlatformEditor (485)
[2020.04.02-02.57.55:614][801]LogModuleManager: Shutting down and abandoning module EditorSettingsViewer (482)
[2020.04.02-02.57.55:614][801]LogModuleManager: Shutting down and abandoning module SettingsEditor (480)
[2020.04.02-02.57.55:625][801]LogModuleManager: Shutting down and abandoning module ProjectLauncher (478)
[2020.04.02-02.57.55:630][801]LogModuleManager: Shutting down and abandoning module SessionFrontend (476)
[2020.04.02-02.57.55:641][801]LogModuleManager: Shutting down and abandoning module ProfilerClient (474)
[2020.04.02-02.57.55:648][801]LogModuleManager: Shutting down and abandoning module DeviceManager (472)
[2020.04.02-02.57.55:657][801]LogModuleManager: Shutting down and abandoning module TargetDeviceServices (471)
[2020.04.02-02.57.55:712][801]LogModuleManager: Shutting down and abandoning module AutomationController (468)
[2020.04.02-02.57.55:718][801]LogModuleManager: Shutting down and abandoning module AutomationWindow (466)
[2020.04.02-02.57.55:723][801]LogModuleManager: Shutting down and abandoning module Layers (464)
[2020.04.02-02.57.55:742][801]LogModuleManager: Shutting down and abandoning module ComponentVisualizers (462)
[2020.04.02-02.57.55:742][801]LogModuleManager: Shutting down and abandoning module DetailCustomizations (460)
[2020.04.02-02.57.55:742][801]LogModuleManager: Shutting down and abandoning module PackagesDialog (458)
[2020.04.02-02.57.55:743][801]LogModuleManager: Shutting down and abandoning module Persona (456)
[2020.04.02-02.57.55:761][801]LogModuleManager: Shutting down and abandoning module AdvancedPreviewScene (455)
[2020.04.02-02.57.55:761][801]LogModuleManager: Shutting down and abandoning module AnimGraph (453)
[2020.04.02-02.57.55:761][801]LogModuleManager: Shutting down and abandoning module Kismet (450)
[2020.04.02-02.57.55:768][801]LogModuleManager: Shutting down and abandoning module GraphEditor (448)
[2020.04.02-02.57.55:794][801]LogModuleManager: Shutting down and abandoning module ClassViewer (446)
[2020.04.02-02.57.55:794][801]LogModuleManager: Shutting down and abandoning module Toolbox (444)
[2020.04.02-02.57.55:794][801]LogModuleManager: Shutting down and abandoning module ModuleUI (442)
[2020.04.02-02.57.55:808][801]LogModuleManager: Shutting down and abandoning module MovieSceneTools (440)
[2020.04.02-02.57.55:809][801]LogModuleManager: Shutting down and abandoning module OutputLog (438)
[2020.04.02-02.57.55:809][801]LogModuleManager: Shutting down and abandoning module GammaUI (436)
[2020.04.02-02.57.55:816][801]LogModuleManager: Shutting down and abandoning module Documentation (434)
[2020.04.02-02.57.55:816][801]LogModuleManager: Shutting down and abandoning module MovieSceneTracks (432)
[2020.04.02-02.57.55:816][801]LogModuleManager: Shutting down and abandoning module MovieScene (430)
[2020.04.02-02.57.55:823][801]LogModuleManager: Shutting down and abandoning module StreamingPauseRendering (428)
[2020.04.02-02.57.55:836][801]LogModuleManager: Shutting down and abandoning module LauncherPlatform (426)
[2020.04.02-02.57.55:836][801]LogModuleManager: Shutting down and abandoning module AnalyticsET (424)
[2020.04.02-02.57.55:836][801]LogModuleManager: Shutting down and abandoning module PortalServices (422)
[2020.04.02-02.57.55:837][801]LogModuleManager: Shutting down and abandoning module PortalRpc (420)
[2020.04.02-02.57.55:837][801]LogModuleManager: Shutting down and abandoning module MessagingRpc (418)
[2020.04.02-02.57.55:837][801]LogModuleManager: Shutting down and abandoning module AIModule (416)
[2020.04.02-02.57.55:878][801]LogModuleManager: Shutting down and abandoning module GameplayDebugger (415)
[2020.04.02-02.57.55:879][801]LogModuleManager: Shutting down and abandoning module AITestSuite (413)
[2020.04.02-02.57.55:886][801]LogModuleManager: Shutting down and abandoning module NavigationSystem (411)
[2020.04.02-02.57.55:886][801]LogModuleManager: Shutting down and abandoning module DesktopPlatform (408)
[2020.04.02-02.57.55:892][801]LogModuleManager: Shutting down and abandoning module ImageWriteQueue (406)
[2020.04.02-02.57.55:904][801]LogModuleManager: Shutting down and abandoning module ProfilerService (404)
[2020.04.02-02.57.56:067][801]LogModuleManager: Shutting down and abandoning module TaskGraph (402)
[2020.04.02-02.57.56:085][801]LogModuleManager: Shutting down and abandoning module SteamVRController (400)
[2020.04.02-02.57.56:085][801]LogModuleManager: Shutting down and abandoning module ProceduralMeshComponentEditor (398)
[2020.04.02-02.57.56:086][801]LogModuleManager: Shutting down and abandoning module ProceduralMeshComponent (396)
[2020.04.02-02.57.56:101][801]LogModuleManager: Shutting down and abandoning module OculusInput (394)
[2020.04.02-02.57.56:101][801]LogModuleManager: Shutting down and abandoning module MobilePatchingUtils (392)
[2020.04.02-02.57.56:101][801]LogModuleManager: Shutting down and abandoning module EditableMesh (390)
[2020.04.02-02.57.56:112][801]LogModuleManager: Shutting down and abandoning module CustomMeshComponent (388)
[2020.04.02-02.57.56:113][801]LogModuleManager: Shutting down and abandoning module CableComponent (386)
[2020.04.02-02.57.56:123][801]LogModuleManager: Shutting down and abandoning module AudioCapture (384)
[2020.04.02-02.57.56:123][801]LogModuleManager: Shutting down and abandoning module ArchVisCharacter (382)
[2020.04.02-02.57.56:123][801]LogModuleManager: Shutting down and abandoning module AndroidPermission (380)
[2020.04.02-02.57.56:123][801]LogModuleManager: Shutting down and abandoning module NUTUnrealEngine4 (378)
[2020.04.02-02.57.56:128][801]LogModuleManager: Shutting down and abandoning module NetcodeUnitTest (376)
[2020.04.02-02.57.56:136][801]LogModuleManager: Shutting down and abandoning module MediaCompositing (374)
[2020.04.02-02.57.56:136][801]LogModuleManager: Shutting down and abandoning module LinearTimecode (372)
[2020.04.02-02.57.56:136][801]LogModuleManager: Shutting down and abandoning module ImgMedia (370)
[2020.04.02-02.57.56:150][801]LogModuleManager: Shutting down and abandoning module HTML5Networking (368)
[2020.04.02-02.57.56:150][801]LogModuleManager: Shutting down and abandoning module GeometryCacheTracks (366)
[2020.04.02-02.57.56:150][801]LogModuleManager: Shutting down and abandoning module GeometryCacheSequencer (364)
[2020.04.02-02.57.56:150][801]LogModuleManager: Shutting down and abandoning module BackChannel (362)
[2020.04.02-02.57.56:159][801]LogModuleManager: Shutting down and abandoning module AppleVision (360)
[2020.04.02-02.57.56:159][801]LogModuleManager: Shutting down and abandoning module AppleImageUtilsBlueprintSupport (358)
[2020.04.02-02.57.56:159][801]LogModuleManager: Shutting down and abandoning module AppleImageUtils (356)
[2020.04.02-02.57.56:159][801]LogModuleManager: Shutting down and abandoning module AlembicImporter (354)
[2020.04.02-02.57.56:160][801]LogModuleManager: Shutting down and abandoning module AlembicLibrary (353)
[2020.04.02-02.57.56:160][801]LogModuleManager: Shutting down and abandoning module GeometryCache (352)
[2020.04.02-02.57.56:160][801]LogModuleManager: Shutting down and abandoning module GeometryCacheEd (351)
[2020.04.02-02.57.56:160][801]LogModuleManager: Shutting down and abandoning module VariantManagerContent (346)
[2020.04.02-02.57.56:160][801]LogModuleManager: Shutting down and abandoning module DatasmithContentEditor (344)
[2020.04.02-02.57.56:169][801]LogModuleManager: Shutting down and abandoning module SpeedTreeImporter (342)
[2020.04.02-02.57.56:169][801]LogModuleManager: Shutting down and abandoning module PluginBrowser (340)
[2020.04.02-02.57.56:186][801]LogModuleManager: Shutting down and abandoning module MobileLauncherProfileWizard (338)
[2020.04.02-02.57.56:193][801]LogModuleManager: Shutting down and abandoning module PolygonModeling (336)
[2020.04.02-02.57.56:193][801]LogModuleManager: Shutting down and abandoning module MeshEditor (334)
[2020.04.02-02.57.56:203][801]LogModuleManager: Shutting down and abandoning module CryptoKeysOpenSSL (332)
[2020.04.02-02.57.56:206][801]LogModuleManager: Shutting down and abandoning module CryptoKeys (330)
[2020.04.02-02.57.56:206][801]LogModuleManager: Shutting down and abandoning module VisualStudioSourceCodeAccess (328)
[2020.04.02-02.57.56:206][801]LogModuleManager: Shutting down and abandoning module VisualStudioCodeSourceCodeAccess (326)
[2020.04.02-02.57.56:206][801]LogModuleManager: Shutting down and abandoning module UObjectPlugin (324)
[2020.04.02-02.57.56:206][801]LogModuleManager: Shutting down and abandoning module SubversionSourceControl (322)
[2020.04.02-02.57.56:220][801]LogModuleManager: Shutting down and abandoning module PerforceSourceControl (320)
[2020.04.02-02.57.56:232][801]LogModuleManager: Shutting down and abandoning module GitSourceControl (318)
[2020.04.02-02.57.56:239][801]LogModuleManager: Shutting down and abandoning module SourceControl (317)
[2020.04.02-02.57.56:239][801]LogModuleManager: Shutting down and abandoning module CLionSourceCodeAccess (314)
[2020.04.02-02.57.56:255][801]LogModuleManager: Shutting down and abandoning module ActorLayerUtilitiesEditor (312)
[2020.04.02-02.57.56:255][801]LogModuleManager: Shutting down and abandoning module ActorLayerUtilities (310)
[2020.04.02-02.57.56:255][801]LogModuleManager: Shutting down and abandoning module LightPropagationVolumeEditor (308)
[2020.04.02-02.57.56:255][801]LogModuleManager: Shutting down and abandoning module PaperTiledImporter (306)
[2020.04.02-02.57.56:255][801]LogModuleManager: Shutting down and abandoning module PaperSpriteSheetImporter (304)
[2020.04.02-02.57.56:255][801]LogModuleManager: Shutting down and abandoning module Paper2DEditor (302)
[2020.04.02-02.57.56:281][801]LogModuleManager: Shutting down and abandoning module MeshPaint (301)
[2020.04.02-02.57.56:295][801]LogModuleManager: Shutting down and abandoning module RuntimePhysXCooking (298)
[2020.04.02-02.57.56:296][801]LogModuleManager: Shutting down and abandoning module PhysXVehiclesEditor (296)
[2020.04.02-02.57.56:296][801]LogModuleManager: Shutting down and abandoning module PhysXVehicles (294)
[2020.04.02-02.57.56:296][801]LogModuleManager: Shutting down and abandoning module OculusEditor (292)
[2020.04.02-02.57.56:314][801]LogModuleManager: Shutting down and abandoning module LocationServicesBPLibrary (290)
[2020.04.02-02.57.56:315][801]LogModuleManager: Shutting down and abandoning module ApexDestructionEditor (288)
[2020.04.02-02.57.56:336][801]LogModuleManager: Shutting down and abandoning module ApexDestruction (286)
[2020.04.02-02.57.56:344][801]LogModuleManager: Shutting down and abandoning module ActorSequence (284)
[2020.04.02-02.57.56:344][801]LogModuleManager: Shutting down and abandoning module UdpMessaging (282)
[2020.04.02-02.57.56:448][801]LogModuleManager: Shutting down and abandoning module TcpMessaging (280)
[2020.04.02-02.57.56:560][801]LogModuleManager: Shutting down and abandoning module MagicLeapAudio (278)
[2020.04.02-02.57.56:560][801]LogModuleManager: Shutting down and abandoning module GameplayTagsEditor (276)
[2020.04.02-02.57.56:575][801]LogModuleManager: Shutting down and abandoning module FacialAnimationEditor (274)
[2020.04.02-02.57.56:575][801]LogModuleManager: Shutting down and abandoning module FacialAnimation (272)
[2020.04.02-02.57.56:575][801]LogModuleManager: Shutting down and abandoning module DataValidation (270)
[2020.04.02-02.57.56:575][801]LogModuleManager: Shutting down and abandoning module AssetManagerEditor (268)
[2020.04.02-02.57.56:584][801]LogModuleManager: Shutting down and abandoning module LevelEditor (267)
[2020.04.02-02.57.56:595][801]LogModuleManager: Shutting down and abandoning module PixelInspectorModule (266)
[2020.04.02-02.57.56:605][801]LogModuleManager: Shutting down and abandoning module CommonMenuExtensions (264)
[2020.04.02-02.57.56:605][801]LogModuleManager: Shutting down and abandoning module MainFrame (262)
[2020.04.02-02.57.56:606][801]LogModuleManager: Shutting down and abandoning module HotReload (261)
[2020.04.02-02.57.56:614][801]LogModuleManager: Shutting down and abandoning module ContentBrowser (257)
[2020.04.02-02.57.56:616][801]LogModuleManager: Shutting down and abandoning module TreeMap (255)
[2020.04.02-02.57.56:621][801]LogModuleManager: Shutting down and abandoning module LightPropagationVolumeRuntime (252)
[2020.04.02-02.57.56:621][801]LogModuleManager: Shutting down and abandoning module AISupportModule (250)
[2020.04.02-02.57.56:622][801]LogModuleManager: Shutting down and abandoning module Paper2D (248)
[2020.04.02-02.57.56:627][801]LogModuleManager: Shutting down and abandoning module WindowsMoviePlayer (246)
[2020.04.02-02.57.56:632][801]LogModuleManager: Shutting down and abandoning module WebMMoviePlayer (244)
[2020.04.02-02.57.56:632][801]LogModuleManager: Shutting down and abandoning module WmfMedia (242)
[2020.04.02-02.57.56:643][801]LogModuleManager: Shutting down and abandoning module Media (241)
[2020.04.02-02.57.56:649][801]LogModuleManager: Shutting down and abandoning module PacketHandler (238)
[2020.04.02-02.57.56:650][801]LogModuleManager: Shutting down and abandoning module ClothingSystemEditor (236)
[2020.04.02-02.57.56:650][801]LogModuleManager: Shutting down and abandoning module ClothingSystemRuntime (234)
[2020.04.02-02.57.56:658][801]LogModuleManager: Shutting down and abandoning module MediaAssets (232)
[2020.04.02-02.57.56:658][801]LogModuleManager: Shutting down and abandoning module Overlay (230)
[2020.04.02-02.57.56:658][801]LogModuleManager: Shutting down and abandoning module OverlayEditor (229)
[2020.04.02-02.57.56:658][801]LogModuleManager: Shutting down and abandoning module VREditor (226)
[2020.04.02-02.57.56:669][801]LogModuleManager: Shutting down and abandoning module StringTableEditor (224)
[2020.04.02-02.57.56:680][801]LogModuleManager: Shutting down and abandoning module GameplayTasksEditor (222)
[2020.04.02-02.57.56:680][801]LogModuleManager: Shutting down and abandoning module BehaviorTreeEditor (220)
[2020.04.02-02.57.56:699][801]LogModuleManager: Shutting down and abandoning module FunctionalTesting (218)
[2020.04.02-02.57.56:708][801]LogModuleManager: Shutting down and abandoning module CollisionAnalyzer (216)
[2020.04.02-02.57.56:725][801]LogModuleManager: Shutting down and abandoning module WorkspaceMenuStructure (215)
[2020.04.02-02.57.56:725][801]LogModuleManager: Shutting down and abandoning module UMG (212)
[2020.04.02-02.57.56:735][801]LogModuleManager: Shutting down and abandoning module UMGEditor (211)
[2020.04.02-02.57.56:743][801]LogModuleManager: Shutting down and abandoning module Sequencer (210)
[2020.04.02-02.57.56:812][801]LogModuleManager: Shutting down and abandoning module MessageLog (207)
[2020.04.02-02.57.56:833][801]LogModuleManager: Shutting down and abandoning module SlateReflector (202)
[2020.04.02-02.57.56:854][801]LogModuleManager: Shutting down and abandoning module Slate (200)
[2020.04.02-02.57.56:854][801]LogModuleManager: Shutting down and abandoning module EditorStyle (198)
[2020.04.02-02.57.56:862][801]LogModuleManager: Shutting down and abandoning module MRMesh (196)
[2020.04.02-02.57.56:872][801]LogModuleManager: Shutting down and abandoning module SourceCodeAccess (194)
[2020.04.02-02.57.56:873][801]LogModuleManager: Shutting down and abandoning module HeadMountedDisplay (192)
[2020.04.02-02.57.56:873][801]LogModuleManager: Shutting down and abandoning module XAudio2 (190)
[2020.04.02-02.57.56:873][801]LogModuleManager: Shutting down and abandoning module Networking (188)
[2020.04.02-02.57.56:873][801]LogModuleManager: Shutting down and abandoning module Core (186)
[2020.04.02-02.57.56:873][801]LogModuleManager: Shutting down and abandoning module LevelSequence (184)
[2020.04.02-02.57.56:873][801]LogModuleManager: Shutting down and abandoning module KismetCompiler (182)
[2020.04.02-02.57.56:873][801]LogModuleManager: Shutting down and abandoning module MeshUtilities (180)
[2020.04.02-02.57.56:882][801]LogModuleManager: Shutting down and abandoning module MeshMergeUtilities (179)
[2020.04.02-02.57.56:892][801]LogModuleManager: Shutting down and abandoning module MeshReductionInterface (178)
[2020.04.02-02.57.56:892][801]LogModuleManager: Shutting down and abandoning module SimplygonSwarm (177)
[2020.04.02-02.57.56:898][801]LogModuleManager: Shutting down and abandoning module ProxyLODMeshReduction (175)
[2020.04.02-02.57.56:910][801]LogModuleManager: Shutting down and abandoning module SimplygonMeshReduction (173)
[2020.04.02-02.57.56:910][801]LogModuleManager: Shutting down and abandoning module QuadricMeshReduction (171)
[2020.04.02-02.57.56:915][801]LogModuleManager: Shutting down and abandoning module MaterialBaking (167)
[2020.04.02-02.57.56:924][801]LogModuleManager: Shutting down and abandoning module DirectoryWatcher (163)
[2020.04.02-02.57.56:925][801]LogModuleManager: Shutting down and abandoning module DerivedDataCache (160)
[2020.04.02-02.57.57:020][801]LogDerivedDataCache: Shutdown
[2020.04.02-02.57.57:020][801]LogModuleManager: Shutting down and abandoning module XGEController (158)
[2020.04.02-02.57.57:032][801]LogXGEController: Cleaning working directory: C:/Users/Jamie's/AppData/Local/Temp/UnrealXGEWorkingDir/
[2020.04.02-02.57.57:032][801]LogModuleManager: Shutting down and abandoning module TargetPlatform (156)
[2020.04.02-02.57.57:033][801]LogModuleManager: Shutting down and abandoning module VulkanShaderFormat (155)
[2020.04.02-02.57.57:041][801]LogModuleManager: Shutting down and abandoning module ShaderFormatVectorVM (153)
[2020.04.02-02.57.57:059][801]LogModuleManager: Shutting down and abandoning module ShaderFormatOpenGL (151)
[2020.04.02-02.57.57:073][801]LogModuleManager: Shutting down and abandoning module ShaderFormatD3D (149)
[2020.04.02-02.57.57:073][801]LogModuleManager: Shutting down and abandoning module MetalShaderFormat (147)
[2020.04.02-02.57.57:081][801]LogModuleManager: Shutting down and abandoning module TextureFormatUncompressed (145)
[2020.04.02-02.57.57:081][801]LogModuleManager: Shutting down and abandoning module TextureFormatPVR (143)
[2020.04.02-02.57.57:081][801]LogModuleManager: Shutting down and abandoning module TextureFormatDXT (141)
[2020.04.02-02.57.57:090][801]LogModuleManager: Shutting down and abandoning module TextureFormatIntelISPCTexComp (139)
[2020.04.02-02.57.57:099][801]LogModuleManager: Shutting down and abandoning module TextureFormatASTC (137)
[2020.04.02-02.57.57:099][801]LogModuleManager: Shutting down and abandoning module ImageWrapper (136)
[2020.04.02-02.57.57:099][801]LogModuleManager: Shutting down and abandoning module TextureFormatAndroid (133)
[2020.04.02-02.57.57:099][801]LogModuleManager: Shutting down and abandoning module AudioFormatOpus (131)
[2020.04.02-02.57.57:099][801]LogModuleManager: Shutting down and abandoning module AudioFormatOgg (129)
[2020.04.02-02.57.57:100][801]LogModuleManager: Shutting down and abandoning module AudioFormatADPCM (127)
[2020.04.02-02.57.57:100][801]LogModuleManager: Shutting down and abandoning module LuminTargetPlatform (125)
[2020.04.02-02.57.57:135][801]LogModuleManager: Shutting down and abandoning module LinuxTargetPlatform (123)
[2020.04.02-02.57.57:136][801]LogModuleManager: Shutting down and abandoning module LinuxServerTargetPlatform (121)
[2020.04.02-02.57.57:136][801]LogModuleManager: Shutting down and abandoning module LinuxNoEditorTargetPlatform (119)
[2020.04.02-02.57.57:136][801]LogModuleManager: Shutting down and abandoning module LinuxClientTargetPlatform (117)
[2020.04.02-02.57.57:136][801]LogModuleManager: Shutting down and abandoning module TVOSTargetPlatform (115)
[2020.04.02-02.57.57:150][801]LogModuleManager: Shutting down and abandoning module Messaging (113)
[2020.04.02-02.57.57:150][801]LogModuleManager: Shutting down and abandoning module IOSTargetPlatform (111)
[2020.04.02-02.57.57:156][801]LogModuleManager: Shutting down and abandoning module HTML5TargetPlatform (109)
[2020.04.02-02.57.57:156][801]LogModuleManager: Shutting down and abandoning module AndroidTargetPlatform (107)
[2020.04.02-02.57.57:197][801]LogModuleManager: Shutting down and abandoning module WindowsTargetPlatform (105)
[2020.04.02-02.57.57:197][801]LogModuleManager: Shutting down and abandoning module WindowsServerTargetPlatform (103)
[2020.04.02-02.57.57:197][801]LogModuleManager: Shutting down and abandoning module WindowsNoEditorTargetPlatform (101)
[2020.04.02-02.57.57:198][801]LogModuleManager: Shutting down and abandoning module WindowsClientTargetPlatform (99)
[2020.04.02-02.57.57:198][801]LogModuleManager: Shutting down and abandoning module MacTargetPlatform (97)
[2020.04.02-02.57.57:198][801]LogModuleManager: Shutting down and abandoning module MacServerTargetPlatform (95)
[2020.04.02-02.57.57:198][801]LogModuleManager: Shutting down and abandoning module MacNoEditorTargetPlatform (93)
[2020.04.02-02.57.57:198][801]LogModuleManager: Shutting down and abandoning module MacClientTargetPlatform (91)
[2020.04.02-02.57.57:198][801]LogModuleManager: Shutting down and abandoning module AllDesktopTargetPlatform (89)
[2020.04.02-02.57.57:198][801]LogModuleManager: Shutting down and abandoning module InputCore (86)
[2020.04.02-02.57.57:198][801]LogModuleManager: Shutting down and abandoning module Settings (84)
[2020.04.02-02.57.57:198][801]LogModuleManager: Shutting down and abandoning module PhysXCooking (82)
[2020.04.02-02.57.57:198][801]LogModuleManager: Shutting down and abandoning module SteamVR (80)
[2020.04.02-02.57.57:207][801]LogHMD: Freeing OpenVRDLLHandle.
[2020.04.02-02.57.57:207][801]LogModuleManager: Shutting down and abandoning module OculusHMD (78)
[2020.04.02-02.57.57:213][801]LogModuleManager: Shutting down and abandoning module ExampleDeviceProfileSelector (76)
[2020.04.02-02.57.57:213][801]LogModuleManager: Shutting down and abandoning module LauncherChunkInstaller (74)
[2020.04.02-02.57.57:213][801]LogModuleManager: Shutting down and abandoning module OnlineBlueprintSupport (72)
[2020.04.02-02.57.57:213][801]LogModuleManager: Shutting down and abandoning module OnlineSubsystem (68)
[2020.04.02-02.57.57:234][801]LogModuleManager: Shutting down and abandoning module XMPP (63)
[2020.04.02-02.57.57:253][801]LogModuleManager: Shutting down and abandoning module WebSockets (62)
[2020.04.02-02.57.57:270][801]LogModuleManager: Shutting down and abandoning module HTTP (59)
[2020.04.02-02.57.57:270][801]LogHttp: Display: Http module shutting down, but needs to wait on 1 outstanding Http requests:
[2020.04.02-02.57.57:271][801]LogHttp: Display: 	verb=[POST] url=[https://datarouter.ol.epicgames.com/datarouter/api/v1/public/data?SessionID=%7B5C429AC0-4B74-A4E7-AC86-50BFFE41FBDD%7D&AppID=UEEditor.Rocket.Release&AppVersion=4.21.2-4753647%2B%2B%2BUE4%2BRelease-4.21&UserID=985a2e6a47850cc5675204904f24c932%7Cbbc3cfc0b0a74cc59eb233d7ea295b9e%7Cde82e340-2c88-4ed1-8b79-87d62a2546f8&AppEnvironment=datacollector-binary&UploadType=eteventstream] status=Processing
[2020.04.02-02.57.57:307][801]LogModuleManager: Shutting down and abandoning module SSL (58)
[2020.04.02-02.57.57:314][801]LogModuleManager: Shutting down and abandoning module MagicLeapIdentity (54)
[2020.04.02-02.57.57:314][801]LogModuleManager: Shutting down and abandoning module MagicLeapHelperVulkan (52)
[2020.04.02-02.57.57:314][801]LogModuleManager: Shutting down and abandoning module MagicLeapHelperOpenGL (50)
[2020.04.02-02.57.57:314][801]LogModuleManager: Shutting down and abandoning module MagicLeapSecureStorage (48)
[2020.04.02-02.57.57:314][801]LogModuleManager: Shutting down and abandoning module MagicLeapHandTracking (46)
[2020.04.02-02.57.57:315][801]LogModuleManager: Shutting down and abandoning module MagicLeapEyeTracker (44)
[2020.04.02-02.57.57:315][801]LogModuleManager: Shutting down and abandoning module MagicLeapController (42)
[2020.04.02-02.57.57:316][801]LogSlate: Slate User Destroyed.  User Index 0, Is Virtual User: 0
[2020.04.02-02.57.57:316][801]LogModuleManager: Shutting down and abandoning module MagicLeap (40)
[2020.04.02-02.57.57:340][801]LogModuleManager: Shutting down and abandoning module DatasmithContent (38)
[2020.04.02-02.57.57:341][801]LogModuleManager: Shutting down and abandoning module AnimationModifiers (36)
[2020.04.02-02.57.57:351][801]LogModuleManager: Shutting down and abandoning module PropertyEditor (35)
[2020.04.02-02.57.57:364][801]LogModuleManager: Shutting down and abandoning module AudioEditor (32)
[2020.04.02-02.57.57:388][801]LogModuleManager: Shutting down and abandoning module TextureCompressor (30)
[2020.04.02-02.57.57:406][801]LogModuleManager: Shutting down and abandoning module ShaderCore (28)
[2020.04.02-02.57.57:406][801]LogModuleManager: Shutting down and abandoning module Landscape (26)
[2020.04.02-02.57.57:406][801]LogModuleManager: Shutting down and abandoning module SlateRHIRenderer (24)
[2020.04.02-02.57.57:429][801]LogModuleManager: Shutting down and abandoning module OpenGLDrv (22)
[2020.04.02-02.57.57:440][801]LogModuleManager: Shutting down and abandoning module D3D11RHI (20)
[2020.04.02-02.57.57:440][801]LogModuleManager: Shutting down and abandoning module AnimGraphRuntime (18)
[2020.04.02-02.57.57:440][801]LogModuleManager: Shutting down and abandoning module Renderer (16)
[2020.04.02-02.57.57:440][801]LogModuleManager: Shutting down and abandoning module Engine (14)
[2020.04.02-02.57.57:440][801]LogModuleManager: Shutting down and abandoning module CoreUObject (12)
[2020.04.02-02.57.57:440][801]LogModuleManager: Shutting down and abandoning module NetworkFile (10)
[2020.04.02-02.57.57:449][801]LogModuleManager: Shutting down and abandoning module CookedIterativeFile (8)
[2020.04.02-02.57.57:449][801]LogModuleManager: Shutting down and abandoning module StreamingFile (6)
[2020.04.02-02.57.57:455][801]LogModuleManager: Shutting down and abandoning module SandboxFile (4)
[2020.04.02-02.57.57:456][801]LogModuleManager: Shutting down and abandoning module PakFile (2)
[2020.04.02-02.57.57:494][801]LogExit: Exiting.
[2020.04.02-02.57.57:511][801]Log file closed, 04/02/20 03:57:57
